[2023-04-09T10:30:29.243+0000] {processor.py:153} INFO - Started process (PID=56) to work on /home/airflow/.local/lib/python3.7/site-packages/airflow/example_dags/example_branch_operator.py
[2023-04-09T10:30:29.260+0000] {processor.py:743} INFO - Processing file /home/airflow/.local/lib/python3.7/site-packages/airflow/example_dags/example_branch_operator.py for tasks to queue
[2023-04-09T10:30:29.261+0000] {logging_mixin.py:137} INFO - [2023-04-09T10:30:29.261+0000] {dagbag.py:532} INFO - Filling up the DagBag from /home/airflow/.local/lib/python3.7/site-packages/airflow/example_dags/example_branch_operator.py
[2023-04-09T10:30:29.327+0000] {processor.py:753} INFO - DAG(s) dict_keys(['example_branch_operator']) retrieved from /home/airflow/.local/lib/python3.7/site-packages/airflow/example_dags/example_branch_operator.py
[2023-04-09T10:30:29.433+0000] {logging_mixin.py:137} INFO - [2023-04-09T10:30:29.432+0000] {dag.py:2705} INFO - Sync 1 DAGs
[2023-04-09T10:30:29.547+0000] {logging_mixin.py:137} INFO - [2023-04-09T10:30:29.547+0000] {dag.py:3456} INFO - Setting next_dagrun for example_branch_operator to 2023-04-08T00:00:00+00:00, run_after=2023-04-09T00:00:00+00:00
[2023-04-09T10:30:29.641+0000] {processor.py:175} INFO - Processing /home/airflow/.local/lib/python3.7/site-packages/airflow/example_dags/example_branch_operator.py took 0.405 seconds
[2023-04-09T10:31:00.401+0000] {processor.py:153} INFO - Started process (PID=106) to work on /home/airflow/.local/lib/python3.7/site-packages/airflow/example_dags/example_branch_operator.py
[2023-04-09T10:31:00.402+0000] {processor.py:743} INFO - Processing file /home/airflow/.local/lib/python3.7/site-packages/airflow/example_dags/example_branch_operator.py for tasks to queue
[2023-04-09T10:31:00.404+0000] {logging_mixin.py:137} INFO - [2023-04-09T10:31:00.404+0000] {dagbag.py:532} INFO - Filling up the DagBag from /home/airflow/.local/lib/python3.7/site-packages/airflow/example_dags/example_branch_operator.py
[2023-04-09T10:31:00.428+0000] {processor.py:753} INFO - DAG(s) dict_keys(['example_branch_operator']) retrieved from /home/airflow/.local/lib/python3.7/site-packages/airflow/example_dags/example_branch_operator.py
[2023-04-09T10:31:00.464+0000] {logging_mixin.py:137} INFO - [2023-04-09T10:31:00.463+0000] {dag.py:2705} INFO - Sync 1 DAGs
[2023-04-09T10:31:00.494+0000] {logging_mixin.py:137} INFO - [2023-04-09T10:31:00.494+0000] {dag.py:3456} INFO - Setting next_dagrun for example_branch_operator to 2023-04-08T00:00:00+00:00, run_after=2023-04-09T00:00:00+00:00
[2023-04-09T10:31:00.519+0000] {processor.py:175} INFO - Processing /home/airflow/.local/lib/python3.7/site-packages/airflow/example_dags/example_branch_operator.py took 0.123 seconds
[2023-04-09T10:31:30.654+0000] {processor.py:153} INFO - Started process (PID=155) to work on /home/airflow/.local/lib/python3.7/site-packages/airflow/example_dags/example_branch_operator.py
[2023-04-09T10:31:30.656+0000] {processor.py:743} INFO - Processing file /home/airflow/.local/lib/python3.7/site-packages/airflow/example_dags/example_branch_operator.py for tasks to queue
[2023-04-09T10:31:30.658+0000] {logging_mixin.py:137} INFO - [2023-04-09T10:31:30.658+0000] {dagbag.py:532} INFO - Filling up the DagBag from /home/airflow/.local/lib/python3.7/site-packages/airflow/example_dags/example_branch_operator.py
[2023-04-09T10:31:30.683+0000] {processor.py:753} INFO - DAG(s) dict_keys(['example_branch_operator']) retrieved from /home/airflow/.local/lib/python3.7/site-packages/airflow/example_dags/example_branch_operator.py
[2023-04-09T10:31:30.721+0000] {logging_mixin.py:137} INFO - [2023-04-09T10:31:30.721+0000] {dag.py:2705} INFO - Sync 1 DAGs
[2023-04-09T10:31:30.750+0000] {logging_mixin.py:137} INFO - [2023-04-09T10:31:30.749+0000] {dag.py:3456} INFO - Setting next_dagrun for example_branch_operator to 2023-04-08T00:00:00+00:00, run_after=2023-04-09T00:00:00+00:00
[2023-04-09T10:31:30.775+0000] {processor.py:175} INFO - Processing /home/airflow/.local/lib/python3.7/site-packages/airflow/example_dags/example_branch_operator.py took 0.127 seconds
[2023-04-09T10:32:01.256+0000] {processor.py:153} INFO - Started process (PID=204) to work on /home/airflow/.local/lib/python3.7/site-packages/airflow/example_dags/example_branch_operator.py
[2023-04-09T10:32:01.257+0000] {processor.py:743} INFO - Processing file /home/airflow/.local/lib/python3.7/site-packages/airflow/example_dags/example_branch_operator.py for tasks to queue
[2023-04-09T10:32:01.259+0000] {logging_mixin.py:137} INFO - [2023-04-09T10:32:01.259+0000] {dagbag.py:532} INFO - Filling up the DagBag from /home/airflow/.local/lib/python3.7/site-packages/airflow/example_dags/example_branch_operator.py
[2023-04-09T10:32:01.281+0000] {processor.py:753} INFO - DAG(s) dict_keys(['example_branch_operator']) retrieved from /home/airflow/.local/lib/python3.7/site-packages/airflow/example_dags/example_branch_operator.py
[2023-04-09T10:32:01.331+0000] {logging_mixin.py:137} INFO - [2023-04-09T10:32:01.330+0000] {dag.py:2705} INFO - Sync 1 DAGs
[2023-04-09T10:32:01.359+0000] {logging_mixin.py:137} INFO - [2023-04-09T10:32:01.358+0000] {dag.py:3456} INFO - Setting next_dagrun for example_branch_operator to 2023-04-08T00:00:00+00:00, run_after=2023-04-09T00:00:00+00:00
[2023-04-09T10:32:01.386+0000] {processor.py:175} INFO - Processing /home/airflow/.local/lib/python3.7/site-packages/airflow/example_dags/example_branch_operator.py took 0.136 seconds
[2023-04-09T10:32:32.153+0000] {processor.py:153} INFO - Started process (PID=254) to work on /home/airflow/.local/lib/python3.7/site-packages/airflow/example_dags/example_branch_operator.py
[2023-04-09T10:32:32.154+0000] {processor.py:743} INFO - Processing file /home/airflow/.local/lib/python3.7/site-packages/airflow/example_dags/example_branch_operator.py for tasks to queue
[2023-04-09T10:32:32.156+0000] {logging_mixin.py:137} INFO - [2023-04-09T10:32:32.156+0000] {dagbag.py:532} INFO - Filling up the DagBag from /home/airflow/.local/lib/python3.7/site-packages/airflow/example_dags/example_branch_operator.py
[2023-04-09T10:32:32.182+0000] {processor.py:753} INFO - DAG(s) dict_keys(['example_branch_operator']) retrieved from /home/airflow/.local/lib/python3.7/site-packages/airflow/example_dags/example_branch_operator.py
[2023-04-09T10:32:32.231+0000] {logging_mixin.py:137} INFO - [2023-04-09T10:32:32.231+0000] {dag.py:2705} INFO - Sync 1 DAGs
[2023-04-09T10:32:32.271+0000] {logging_mixin.py:137} INFO - [2023-04-09T10:32:32.271+0000] {dag.py:3456} INFO - Setting next_dagrun for example_branch_operator to 2023-04-08T00:00:00+00:00, run_after=2023-04-09T00:00:00+00:00
[2023-04-09T10:32:32.302+0000] {processor.py:175} INFO - Processing /home/airflow/.local/lib/python3.7/site-packages/airflow/example_dags/example_branch_operator.py took 0.154 seconds
[2023-04-09T10:33:02.591+0000] {processor.py:153} INFO - Started process (PID=304) to work on /home/airflow/.local/lib/python3.7/site-packages/airflow/example_dags/example_branch_operator.py
[2023-04-09T10:33:02.594+0000] {processor.py:743} INFO - Processing file /home/airflow/.local/lib/python3.7/site-packages/airflow/example_dags/example_branch_operator.py for tasks to queue
[2023-04-09T10:33:02.597+0000] {logging_mixin.py:137} INFO - [2023-04-09T10:33:02.596+0000] {dagbag.py:532} INFO - Filling up the DagBag from /home/airflow/.local/lib/python3.7/site-packages/airflow/example_dags/example_branch_operator.py
[2023-04-09T10:33:02.620+0000] {processor.py:753} INFO - DAG(s) dict_keys(['example_branch_operator']) retrieved from /home/airflow/.local/lib/python3.7/site-packages/airflow/example_dags/example_branch_operator.py
[2023-04-09T10:33:02.659+0000] {logging_mixin.py:137} INFO - [2023-04-09T10:33:02.659+0000] {dag.py:2705} INFO - Sync 1 DAGs
[2023-04-09T10:33:02.695+0000] {logging_mixin.py:137} INFO - [2023-04-09T10:33:02.695+0000] {dag.py:3456} INFO - Setting next_dagrun for example_branch_operator to 2023-04-08T00:00:00+00:00, run_after=2023-04-09T00:00:00+00:00
[2023-04-09T10:33:02.757+0000] {processor.py:175} INFO - Processing /home/airflow/.local/lib/python3.7/site-packages/airflow/example_dags/example_branch_operator.py took 0.171 seconds
