[2023-04-09T10:30:21.235+0000] {processor.py:153} INFO - Started process (PID=33) to work on /home/airflow/.local/lib/python3.7/site-packages/airflow/example_dags/example_sensor_decorator.py
[2023-04-09T10:30:21.272+0000] {processor.py:743} INFO - Processing file /home/airflow/.local/lib/python3.7/site-packages/airflow/example_dags/example_sensor_decorator.py for tasks to queue
[2023-04-09T10:30:21.274+0000] {logging_mixin.py:137} INFO - [2023-04-09T10:30:21.274+0000] {dagbag.py:532} INFO - Filling up the DagBag from /home/airflow/.local/lib/python3.7/site-packages/airflow/example_dags/example_sensor_decorator.py
[2023-04-09T10:30:21.683+0000] {processor.py:753} INFO - DAG(s) dict_keys(['example_sensor_decorator']) retrieved from /home/airflow/.local/lib/python3.7/site-packages/airflow/example_dags/example_sensor_decorator.py
[2023-04-09T10:30:21.963+0000] {logging_mixin.py:137} INFO - [2023-04-09T10:30:21.962+0000] {dag.py:2705} INFO - Sync 1 DAGs
[2023-04-09T10:30:22.085+0000] {logging_mixin.py:137} INFO - [2023-04-09T10:30:22.085+0000] {dag.py:3456} INFO - Setting next_dagrun for example_sensor_decorator to None, run_after=None
[2023-04-09T10:30:22.171+0000] {processor.py:175} INFO - Processing /home/airflow/.local/lib/python3.7/site-packages/airflow/example_dags/example_sensor_decorator.py took 0.958 seconds
[2023-04-09T10:30:52.500+0000] {processor.py:153} INFO - Started process (PID=83) to work on /home/airflow/.local/lib/python3.7/site-packages/airflow/example_dags/example_sensor_decorator.py
[2023-04-09T10:30:52.501+0000] {processor.py:743} INFO - Processing file /home/airflow/.local/lib/python3.7/site-packages/airflow/example_dags/example_sensor_decorator.py for tasks to queue
[2023-04-09T10:30:52.503+0000] {logging_mixin.py:137} INFO - [2023-04-09T10:30:52.502+0000] {dagbag.py:532} INFO - Filling up the DagBag from /home/airflow/.local/lib/python3.7/site-packages/airflow/example_dags/example_sensor_decorator.py
[2023-04-09T10:30:52.526+0000] {processor.py:753} INFO - DAG(s) dict_keys(['example_sensor_decorator']) retrieved from /home/airflow/.local/lib/python3.7/site-packages/airflow/example_dags/example_sensor_decorator.py
[2023-04-09T10:30:52.556+0000] {logging_mixin.py:137} INFO - [2023-04-09T10:30:52.555+0000] {dag.py:2705} INFO - Sync 1 DAGs
[2023-04-09T10:30:52.581+0000] {logging_mixin.py:137} INFO - [2023-04-09T10:30:52.581+0000] {dag.py:3456} INFO - Setting next_dagrun for example_sensor_decorator to None, run_after=None
[2023-04-09T10:30:52.604+0000] {processor.py:175} INFO - Processing /home/airflow/.local/lib/python3.7/site-packages/airflow/example_dags/example_sensor_decorator.py took 0.109 seconds
[2023-04-09T10:31:22.766+0000] {processor.py:153} INFO - Started process (PID=132) to work on /home/airflow/.local/lib/python3.7/site-packages/airflow/example_dags/example_sensor_decorator.py
[2023-04-09T10:31:22.769+0000] {processor.py:743} INFO - Processing file /home/airflow/.local/lib/python3.7/site-packages/airflow/example_dags/example_sensor_decorator.py for tasks to queue
[2023-04-09T10:31:22.771+0000] {logging_mixin.py:137} INFO - [2023-04-09T10:31:22.771+0000] {dagbag.py:532} INFO - Filling up the DagBag from /home/airflow/.local/lib/python3.7/site-packages/airflow/example_dags/example_sensor_decorator.py
[2023-04-09T10:31:22.810+0000] {processor.py:753} INFO - DAG(s) dict_keys(['example_sensor_decorator']) retrieved from /home/airflow/.local/lib/python3.7/site-packages/airflow/example_dags/example_sensor_decorator.py
[2023-04-09T10:31:22.858+0000] {logging_mixin.py:137} INFO - [2023-04-09T10:31:22.857+0000] {dag.py:2705} INFO - Sync 1 DAGs
[2023-04-09T10:31:22.885+0000] {logging_mixin.py:137} INFO - [2023-04-09T10:31:22.884+0000] {dag.py:3456} INFO - Setting next_dagrun for example_sensor_decorator to None, run_after=None
[2023-04-09T10:31:22.911+0000] {processor.py:175} INFO - Processing /home/airflow/.local/lib/python3.7/site-packages/airflow/example_dags/example_sensor_decorator.py took 0.149 seconds
[2023-04-09T10:31:53.257+0000] {processor.py:153} INFO - Started process (PID=181) to work on /home/airflow/.local/lib/python3.7/site-packages/airflow/example_dags/example_sensor_decorator.py
[2023-04-09T10:31:53.261+0000] {processor.py:743} INFO - Processing file /home/airflow/.local/lib/python3.7/site-packages/airflow/example_dags/example_sensor_decorator.py for tasks to queue
[2023-04-09T10:31:53.263+0000] {logging_mixin.py:137} INFO - [2023-04-09T10:31:53.263+0000] {dagbag.py:532} INFO - Filling up the DagBag from /home/airflow/.local/lib/python3.7/site-packages/airflow/example_dags/example_sensor_decorator.py
[2023-04-09T10:31:53.301+0000] {processor.py:753} INFO - DAG(s) dict_keys(['example_sensor_decorator']) retrieved from /home/airflow/.local/lib/python3.7/site-packages/airflow/example_dags/example_sensor_decorator.py
[2023-04-09T10:31:53.339+0000] {logging_mixin.py:137} INFO - [2023-04-09T10:31:53.338+0000] {dag.py:2705} INFO - Sync 1 DAGs
[2023-04-09T10:31:53.375+0000] {logging_mixin.py:137} INFO - [2023-04-09T10:31:53.375+0000] {dag.py:3456} INFO - Setting next_dagrun for example_sensor_decorator to None, run_after=None
[2023-04-09T10:31:53.408+0000] {processor.py:175} INFO - Processing /home/airflow/.local/lib/python3.7/site-packages/airflow/example_dags/example_sensor_decorator.py took 0.158 seconds
[2023-04-09T10:32:23.601+0000] {processor.py:153} INFO - Started process (PID=231) to work on /home/airflow/.local/lib/python3.7/site-packages/airflow/example_dags/example_sensor_decorator.py
[2023-04-09T10:32:23.603+0000] {processor.py:743} INFO - Processing file /home/airflow/.local/lib/python3.7/site-packages/airflow/example_dags/example_sensor_decorator.py for tasks to queue
[2023-04-09T10:32:23.605+0000] {logging_mixin.py:137} INFO - [2023-04-09T10:32:23.605+0000] {dagbag.py:532} INFO - Filling up the DagBag from /home/airflow/.local/lib/python3.7/site-packages/airflow/example_dags/example_sensor_decorator.py
[2023-04-09T10:32:23.644+0000] {processor.py:753} INFO - DAG(s) dict_keys(['example_sensor_decorator']) retrieved from /home/airflow/.local/lib/python3.7/site-packages/airflow/example_dags/example_sensor_decorator.py
[2023-04-09T10:32:23.682+0000] {logging_mixin.py:137} INFO - [2023-04-09T10:32:23.682+0000] {dag.py:2705} INFO - Sync 1 DAGs
[2023-04-09T10:32:23.709+0000] {logging_mixin.py:137} INFO - [2023-04-09T10:32:23.709+0000] {dag.py:3456} INFO - Setting next_dagrun for example_sensor_decorator to None, run_after=None
[2023-04-09T10:32:23.760+0000] {processor.py:175} INFO - Processing /home/airflow/.local/lib/python3.7/site-packages/airflow/example_dags/example_sensor_decorator.py took 0.166 seconds
[2023-04-09T10:32:53.976+0000] {processor.py:153} INFO - Started process (PID=281) to work on /home/airflow/.local/lib/python3.7/site-packages/airflow/example_dags/example_sensor_decorator.py
[2023-04-09T10:32:53.978+0000] {processor.py:743} INFO - Processing file /home/airflow/.local/lib/python3.7/site-packages/airflow/example_dags/example_sensor_decorator.py for tasks to queue
[2023-04-09T10:32:53.980+0000] {logging_mixin.py:137} INFO - [2023-04-09T10:32:53.980+0000] {dagbag.py:532} INFO - Filling up the DagBag from /home/airflow/.local/lib/python3.7/site-packages/airflow/example_dags/example_sensor_decorator.py
[2023-04-09T10:32:54.008+0000] {processor.py:753} INFO - DAG(s) dict_keys(['example_sensor_decorator']) retrieved from /home/airflow/.local/lib/python3.7/site-packages/airflow/example_dags/example_sensor_decorator.py
[2023-04-09T10:32:54.037+0000] {logging_mixin.py:137} INFO - [2023-04-09T10:32:54.037+0000] {dag.py:2705} INFO - Sync 1 DAGs
[2023-04-09T10:32:54.065+0000] {logging_mixin.py:137} INFO - [2023-04-09T10:32:54.065+0000] {dag.py:3456} INFO - Setting next_dagrun for example_sensor_decorator to None, run_after=None
[2023-04-09T10:32:54.087+0000] {processor.py:175} INFO - Processing /home/airflow/.local/lib/python3.7/site-packages/airflow/example_dags/example_sensor_decorator.py took 0.116 seconds
