[2023-04-09T10:30:27.733+0000] {processor.py:153} INFO - Started process (PID=52) to work on /home/airflow/.local/lib/python3.7/site-packages/airflow/example_dags/example_sensors.py
[2023-04-09T10:30:27.750+0000] {processor.py:743} INFO - Processing file /home/airflow/.local/lib/python3.7/site-packages/airflow/example_dags/example_sensors.py for tasks to queue
[2023-04-09T10:30:27.752+0000] {logging_mixin.py:137} INFO - [2023-04-09T10:30:27.751+0000] {dagbag.py:532} INFO - Filling up the DagBag from /home/airflow/.local/lib/python3.7/site-packages/airflow/example_dags/example_sensors.py
[2023-04-09T10:30:27.870+0000] {processor.py:753} INFO - DAG(s) dict_keys(['example_sensors']) retrieved from /home/airflow/.local/lib/python3.7/site-packages/airflow/example_dags/example_sensors.py
[2023-04-09T10:30:27.941+0000] {logging_mixin.py:137} INFO - [2023-04-09T10:30:27.940+0000] {dag.py:2705} INFO - Sync 1 DAGs
[2023-04-09T10:30:28.020+0000] {logging_mixin.py:137} INFO - [2023-04-09T10:30:28.020+0000] {dag.py:3456} INFO - Setting next_dagrun for example_sensors to None, run_after=None
[2023-04-09T10:30:28.106+0000] {processor.py:175} INFO - Processing /home/airflow/.local/lib/python3.7/site-packages/airflow/example_dags/example_sensors.py took 0.386 seconds
[2023-04-09T10:30:58.200+0000] {processor.py:153} INFO - Started process (PID=102) to work on /home/airflow/.local/lib/python3.7/site-packages/airflow/example_dags/example_sensors.py
[2023-04-09T10:30:58.202+0000] {processor.py:743} INFO - Processing file /home/airflow/.local/lib/python3.7/site-packages/airflow/example_dags/example_sensors.py for tasks to queue
[2023-04-09T10:30:58.205+0000] {logging_mixin.py:137} INFO - [2023-04-09T10:30:58.204+0000] {dagbag.py:532} INFO - Filling up the DagBag from /home/airflow/.local/lib/python3.7/site-packages/airflow/example_dags/example_sensors.py
[2023-04-09T10:30:58.240+0000] {processor.py:753} INFO - DAG(s) dict_keys(['example_sensors']) retrieved from /home/airflow/.local/lib/python3.7/site-packages/airflow/example_dags/example_sensors.py
[2023-04-09T10:30:58.303+0000] {logging_mixin.py:137} INFO - [2023-04-09T10:30:58.302+0000] {dag.py:2705} INFO - Sync 1 DAGs
[2023-04-09T10:30:58.355+0000] {logging_mixin.py:137} INFO - [2023-04-09T10:30:58.355+0000] {dag.py:3456} INFO - Setting next_dagrun for example_sensors to None, run_after=None
[2023-04-09T10:30:58.394+0000] {processor.py:175} INFO - Processing /home/airflow/.local/lib/python3.7/site-packages/airflow/example_dags/example_sensors.py took 0.201 seconds
[2023-04-09T10:31:28.434+0000] {processor.py:153} INFO - Started process (PID=151) to work on /home/airflow/.local/lib/python3.7/site-packages/airflow/example_dags/example_sensors.py
[2023-04-09T10:31:28.437+0000] {processor.py:743} INFO - Processing file /home/airflow/.local/lib/python3.7/site-packages/airflow/example_dags/example_sensors.py for tasks to queue
[2023-04-09T10:31:28.438+0000] {logging_mixin.py:137} INFO - [2023-04-09T10:31:28.438+0000] {dagbag.py:532} INFO - Filling up the DagBag from /home/airflow/.local/lib/python3.7/site-packages/airflow/example_dags/example_sensors.py
[2023-04-09T10:31:28.460+0000] {processor.py:753} INFO - DAG(s) dict_keys(['example_sensors']) retrieved from /home/airflow/.local/lib/python3.7/site-packages/airflow/example_dags/example_sensors.py
[2023-04-09T10:31:28.497+0000] {logging_mixin.py:137} INFO - [2023-04-09T10:31:28.497+0000] {dag.py:2705} INFO - Sync 1 DAGs
[2023-04-09T10:31:28.525+0000] {logging_mixin.py:137} INFO - [2023-04-09T10:31:28.524+0000] {dag.py:3456} INFO - Setting next_dagrun for example_sensors to None, run_after=None
[2023-04-09T10:31:28.555+0000] {processor.py:175} INFO - Processing /home/airflow/.local/lib/python3.7/site-packages/airflow/example_dags/example_sensors.py took 0.126 seconds
[2023-04-09T10:31:58.861+0000] {processor.py:153} INFO - Started process (PID=200) to work on /home/airflow/.local/lib/python3.7/site-packages/airflow/example_dags/example_sensors.py
[2023-04-09T10:31:58.862+0000] {processor.py:743} INFO - Processing file /home/airflow/.local/lib/python3.7/site-packages/airflow/example_dags/example_sensors.py for tasks to queue
[2023-04-09T10:31:58.864+0000] {logging_mixin.py:137} INFO - [2023-04-09T10:31:58.864+0000] {dagbag.py:532} INFO - Filling up the DagBag from /home/airflow/.local/lib/python3.7/site-packages/airflow/example_dags/example_sensors.py
[2023-04-09T10:31:58.886+0000] {processor.py:753} INFO - DAG(s) dict_keys(['example_sensors']) retrieved from /home/airflow/.local/lib/python3.7/site-packages/airflow/example_dags/example_sensors.py
[2023-04-09T10:31:58.925+0000] {logging_mixin.py:137} INFO - [2023-04-09T10:31:58.925+0000] {dag.py:2705} INFO - Sync 1 DAGs
[2023-04-09T10:31:58.954+0000] {logging_mixin.py:137} INFO - [2023-04-09T10:31:58.954+0000] {dag.py:3456} INFO - Setting next_dagrun for example_sensors to None, run_after=None
[2023-04-09T10:31:58.981+0000] {processor.py:175} INFO - Processing /home/airflow/.local/lib/python3.7/site-packages/airflow/example_dags/example_sensors.py took 0.124 seconds
[2023-04-09T10:32:29.585+0000] {processor.py:153} INFO - Started process (PID=250) to work on /home/airflow/.local/lib/python3.7/site-packages/airflow/example_dags/example_sensors.py
[2023-04-09T10:32:29.589+0000] {processor.py:743} INFO - Processing file /home/airflow/.local/lib/python3.7/site-packages/airflow/example_dags/example_sensors.py for tasks to queue
[2023-04-09T10:32:29.591+0000] {logging_mixin.py:137} INFO - [2023-04-09T10:32:29.591+0000] {dagbag.py:532} INFO - Filling up the DagBag from /home/airflow/.local/lib/python3.7/site-packages/airflow/example_dags/example_sensors.py
[2023-04-09T10:32:29.630+0000] {processor.py:753} INFO - DAG(s) dict_keys(['example_sensors']) retrieved from /home/airflow/.local/lib/python3.7/site-packages/airflow/example_dags/example_sensors.py
[2023-04-09T10:32:29.674+0000] {logging_mixin.py:137} INFO - [2023-04-09T10:32:29.674+0000] {dag.py:2705} INFO - Sync 1 DAGs
[2023-04-09T10:32:29.703+0000] {logging_mixin.py:137} INFO - [2023-04-09T10:32:29.703+0000] {dag.py:3456} INFO - Setting next_dagrun for example_sensors to None, run_after=None
[2023-04-09T10:32:29.736+0000] {processor.py:175} INFO - Processing /home/airflow/.local/lib/python3.7/site-packages/airflow/example_dags/example_sensors.py took 0.160 seconds
[2023-04-09T10:33:00.334+0000] {processor.py:153} INFO - Started process (PID=300) to work on /home/airflow/.local/lib/python3.7/site-packages/airflow/example_dags/example_sensors.py
[2023-04-09T10:33:00.335+0000] {processor.py:743} INFO - Processing file /home/airflow/.local/lib/python3.7/site-packages/airflow/example_dags/example_sensors.py for tasks to queue
[2023-04-09T10:33:00.336+0000] {logging_mixin.py:137} INFO - [2023-04-09T10:33:00.336+0000] {dagbag.py:532} INFO - Filling up the DagBag from /home/airflow/.local/lib/python3.7/site-packages/airflow/example_dags/example_sensors.py
[2023-04-09T10:33:00.359+0000] {processor.py:753} INFO - DAG(s) dict_keys(['example_sensors']) retrieved from /home/airflow/.local/lib/python3.7/site-packages/airflow/example_dags/example_sensors.py
[2023-04-09T10:33:00.396+0000] {logging_mixin.py:137} INFO - [2023-04-09T10:33:00.396+0000] {dag.py:2705} INFO - Sync 1 DAGs
[2023-04-09T10:33:00.428+0000] {logging_mixin.py:137} INFO - [2023-04-09T10:33:00.428+0000] {dag.py:3456} INFO - Setting next_dagrun for example_sensors to None, run_after=None
[2023-04-09T10:33:00.452+0000] {processor.py:175} INFO - Processing /home/airflow/.local/lib/python3.7/site-packages/airflow/example_dags/example_sensors.py took 0.124 seconds
