[2023-04-09T10:30:22.193+0000] {processor.py:153} INFO - Started process (PID=35) to work on /home/airflow/.local/lib/python3.7/site-packages/airflow/example_dags/example_dag_decorator.py
[2023-04-09T10:30:22.216+0000] {processor.py:743} INFO - Processing file /home/airflow/.local/lib/python3.7/site-packages/airflow/example_dags/example_dag_decorator.py for tasks to queue
[2023-04-09T10:30:22.219+0000] {logging_mixin.py:137} INFO - [2023-04-09T10:30:22.219+0000] {dagbag.py:532} INFO - Filling up the DagBag from /home/airflow/.local/lib/python3.7/site-packages/airflow/example_dags/example_dag_decorator.py
[2023-04-09T10:30:22.281+0000] {logging_mixin.py:137} INFO - [2023-04-09T10:30:22.281+0000] {taskmixin.py:211} WARNING - Dependency <Task(_PythonDecoratedOperator): prepare_email>, send_email already registered for DAG: example_dag_decorator
[2023-04-09T10:30:22.281+0000] {logging_mixin.py:137} INFO - [2023-04-09T10:30:22.281+0000] {taskmixin.py:211} WARNING - Dependency <Task(EmailOperator): send_email>, prepare_email already registered for DAG: example_dag_decorator
[2023-04-09T10:30:22.377+0000] {processor.py:753} INFO - DAG(s) dict_keys(['example_dag_decorator']) retrieved from /home/airflow/.local/lib/python3.7/site-packages/airflow/example_dags/example_dag_decorator.py
[2023-04-09T10:30:22.732+0000] {logging_mixin.py:137} INFO - [2023-04-09T10:30:22.732+0000] {dag.py:2705} INFO - Sync 1 DAGs
[2023-04-09T10:30:22.879+0000] {logging_mixin.py:137} INFO - [2023-04-09T10:30:22.879+0000] {dag.py:3456} INFO - Setting next_dagrun for example_dag_decorator to None, run_after=None
[2023-04-09T10:30:23.003+0000] {processor.py:175} INFO - Processing /home/airflow/.local/lib/python3.7/site-packages/airflow/example_dags/example_dag_decorator.py took 0.814 seconds
[2023-04-09T10:30:53.687+0000] {processor.py:153} INFO - Started process (PID=86) to work on /home/airflow/.local/lib/python3.7/site-packages/airflow/example_dags/example_dag_decorator.py
[2023-04-09T10:30:53.691+0000] {processor.py:743} INFO - Processing file /home/airflow/.local/lib/python3.7/site-packages/airflow/example_dags/example_dag_decorator.py for tasks to queue
[2023-04-09T10:30:53.693+0000] {logging_mixin.py:137} INFO - [2023-04-09T10:30:53.692+0000] {dagbag.py:532} INFO - Filling up the DagBag from /home/airflow/.local/lib/python3.7/site-packages/airflow/example_dags/example_dag_decorator.py
[2023-04-09T10:30:53.717+0000] {logging_mixin.py:137} INFO - [2023-04-09T10:30:53.717+0000] {taskmixin.py:211} WARNING - Dependency <Task(_PythonDecoratedOperator): prepare_email>, send_email already registered for DAG: example_dag_decorator
[2023-04-09T10:30:53.718+0000] {logging_mixin.py:137} INFO - [2023-04-09T10:30:53.718+0000] {taskmixin.py:211} WARNING - Dependency <Task(EmailOperator): send_email>, prepare_email already registered for DAG: example_dag_decorator
[2023-04-09T10:30:53.736+0000] {processor.py:753} INFO - DAG(s) dict_keys(['example_dag_decorator']) retrieved from /home/airflow/.local/lib/python3.7/site-packages/airflow/example_dags/example_dag_decorator.py
[2023-04-09T10:30:53.833+0000] {logging_mixin.py:137} INFO - [2023-04-09T10:30:53.833+0000] {dag.py:2705} INFO - Sync 1 DAGs
[2023-04-09T10:30:53.864+0000] {logging_mixin.py:137} INFO - [2023-04-09T10:30:53.864+0000] {dag.py:3456} INFO - Setting next_dagrun for example_dag_decorator to None, run_after=None
[2023-04-09T10:30:53.899+0000] {processor.py:175} INFO - Processing /home/airflow/.local/lib/python3.7/site-packages/airflow/example_dags/example_dag_decorator.py took 0.218 seconds
[2023-04-09T10:31:23.955+0000] {processor.py:153} INFO - Started process (PID=135) to work on /home/airflow/.local/lib/python3.7/site-packages/airflow/example_dags/example_dag_decorator.py
[2023-04-09T10:31:23.956+0000] {processor.py:743} INFO - Processing file /home/airflow/.local/lib/python3.7/site-packages/airflow/example_dags/example_dag_decorator.py for tasks to queue
[2023-04-09T10:31:23.958+0000] {logging_mixin.py:137} INFO - [2023-04-09T10:31:23.957+0000] {dagbag.py:532} INFO - Filling up the DagBag from /home/airflow/.local/lib/python3.7/site-packages/airflow/example_dags/example_dag_decorator.py
[2023-04-09T10:31:23.981+0000] {logging_mixin.py:137} INFO - [2023-04-09T10:31:23.980+0000] {taskmixin.py:211} WARNING - Dependency <Task(_PythonDecoratedOperator): prepare_email>, send_email already registered for DAG: example_dag_decorator
[2023-04-09T10:31:23.982+0000] {logging_mixin.py:137} INFO - [2023-04-09T10:31:23.982+0000] {taskmixin.py:211} WARNING - Dependency <Task(EmailOperator): send_email>, prepare_email already registered for DAG: example_dag_decorator
[2023-04-09T10:31:23.997+0000] {processor.py:753} INFO - DAG(s) dict_keys(['example_dag_decorator']) retrieved from /home/airflow/.local/lib/python3.7/site-packages/airflow/example_dags/example_dag_decorator.py
[2023-04-09T10:31:24.073+0000] {logging_mixin.py:137} INFO - [2023-04-09T10:31:24.073+0000] {dag.py:2705} INFO - Sync 1 DAGs
[2023-04-09T10:31:24.108+0000] {logging_mixin.py:137} INFO - [2023-04-09T10:31:24.108+0000] {dag.py:3456} INFO - Setting next_dagrun for example_dag_decorator to None, run_after=None
[2023-04-09T10:31:24.142+0000] {processor.py:175} INFO - Processing /home/airflow/.local/lib/python3.7/site-packages/airflow/example_dags/example_dag_decorator.py took 0.192 seconds
