[2023-04-09T10:30:25.762+0000] {processor.py:153} INFO - Started process (PID=46) to work on /home/airflow/.local/lib/python3.7/site-packages/airflow/example_dags/example_task_group_decorator.py
[2023-04-09T10:30:25.779+0000] {processor.py:743} INFO - Processing file /home/airflow/.local/lib/python3.7/site-packages/airflow/example_dags/example_task_group_decorator.py for tasks to queue
[2023-04-09T10:30:25.781+0000] {logging_mixin.py:137} INFO - [2023-04-09T10:30:25.781+0000] {dagbag.py:532} INFO - Filling up the DagBag from /home/airflow/.local/lib/python3.7/site-packages/airflow/example_dags/example_task_group_decorator.py
[2023-04-09T10:30:25.895+0000] {processor.py:753} INFO - DAG(s) dict_keys(['example_task_group_decorator']) retrieved from /home/airflow/.local/lib/python3.7/site-packages/airflow/example_dags/example_task_group_decorator.py
[2023-04-09T10:30:26.070+0000] {logging_mixin.py:137} INFO - [2023-04-09T10:30:26.069+0000] {dag.py:2705} INFO - Sync 1 DAGs
[2023-04-09T10:30:26.225+0000] {logging_mixin.py:137} INFO - [2023-04-09T10:30:26.225+0000] {dag.py:3456} INFO - Setting next_dagrun for example_task_group_decorator to 2023-04-08T10:30:26.224718+00:00, run_after=2023-04-09T10:30:26.224718+00:00
[2023-04-09T10:30:26.362+0000] {processor.py:175} INFO - Processing /home/airflow/.local/lib/python3.7/site-packages/airflow/example_dags/example_task_group_decorator.py took 0.604 seconds
[2023-04-09T10:30:57.115+0000] {processor.py:153} INFO - Started process (PID=96) to work on /home/airflow/.local/lib/python3.7/site-packages/airflow/example_dags/example_task_group_decorator.py
[2023-04-09T10:30:57.121+0000] {processor.py:743} INFO - Processing file /home/airflow/.local/lib/python3.7/site-packages/airflow/example_dags/example_task_group_decorator.py for tasks to queue
[2023-04-09T10:30:57.122+0000] {logging_mixin.py:137} INFO - [2023-04-09T10:30:57.122+0000] {dagbag.py:532} INFO - Filling up the DagBag from /home/airflow/.local/lib/python3.7/site-packages/airflow/example_dags/example_task_group_decorator.py
[2023-04-09T10:30:57.243+0000] {processor.py:753} INFO - DAG(s) dict_keys(['example_task_group_decorator']) retrieved from /home/airflow/.local/lib/python3.7/site-packages/airflow/example_dags/example_task_group_decorator.py
[2023-04-09T10:30:57.383+0000] {logging_mixin.py:137} INFO - [2023-04-09T10:30:57.383+0000] {dag.py:2705} INFO - Sync 1 DAGs
[2023-04-09T10:30:57.448+0000] {logging_mixin.py:137} INFO - [2023-04-09T10:30:57.447+0000] {dag.py:3456} INFO - Setting next_dagrun for example_task_group_decorator to 2023-04-08T10:30:57.446997+00:00, run_after=2023-04-09T10:30:57.446997+00:00
[2023-04-09T10:30:57.491+0000] {processor.py:175} INFO - Processing /home/airflow/.local/lib/python3.7/site-packages/airflow/example_dags/example_task_group_decorator.py took 0.389 seconds
[2023-04-09T10:31:27.831+0000] {processor.py:153} INFO - Started process (PID=145) to work on /home/airflow/.local/lib/python3.7/site-packages/airflow/example_dags/example_task_group_decorator.py
[2023-04-09T10:31:27.833+0000] {processor.py:743} INFO - Processing file /home/airflow/.local/lib/python3.7/site-packages/airflow/example_dags/example_task_group_decorator.py for tasks to queue
[2023-04-09T10:31:27.834+0000] {logging_mixin.py:137} INFO - [2023-04-09T10:31:27.833+0000] {dagbag.py:532} INFO - Filling up the DagBag from /home/airflow/.local/lib/python3.7/site-packages/airflow/example_dags/example_task_group_decorator.py
[2023-04-09T10:31:27.878+0000] {processor.py:753} INFO - DAG(s) dict_keys(['example_task_group_decorator']) retrieved from /home/airflow/.local/lib/python3.7/site-packages/airflow/example_dags/example_task_group_decorator.py
[2023-04-09T10:31:27.944+0000] {logging_mixin.py:137} INFO - [2023-04-09T10:31:27.944+0000] {dag.py:2705} INFO - Sync 1 DAGs
[2023-04-09T10:31:27.974+0000] {logging_mixin.py:137} INFO - [2023-04-09T10:31:27.974+0000] {dag.py:3456} INFO - Setting next_dagrun for example_task_group_decorator to 2023-04-08T10:31:27.974225+00:00, run_after=2023-04-09T10:31:27.974225+00:00
[2023-04-09T10:31:27.998+0000] {processor.py:175} INFO - Processing /home/airflow/.local/lib/python3.7/site-packages/airflow/example_dags/example_task_group_decorator.py took 0.171 seconds
[2023-04-09T10:31:58.385+0000] {processor.py:153} INFO - Started process (PID=194) to work on /home/airflow/.local/lib/python3.7/site-packages/airflow/example_dags/example_task_group_decorator.py
[2023-04-09T10:31:58.386+0000] {processor.py:743} INFO - Processing file /home/airflow/.local/lib/python3.7/site-packages/airflow/example_dags/example_task_group_decorator.py for tasks to queue
[2023-04-09T10:31:58.387+0000] {logging_mixin.py:137} INFO - [2023-04-09T10:31:58.387+0000] {dagbag.py:532} INFO - Filling up the DagBag from /home/airflow/.local/lib/python3.7/site-packages/airflow/example_dags/example_task_group_decorator.py
[2023-04-09T10:31:58.438+0000] {processor.py:753} INFO - DAG(s) dict_keys(['example_task_group_decorator']) retrieved from /home/airflow/.local/lib/python3.7/site-packages/airflow/example_dags/example_task_group_decorator.py
[2023-04-09T10:31:58.490+0000] {logging_mixin.py:137} INFO - [2023-04-09T10:31:58.490+0000] {dag.py:2705} INFO - Sync 1 DAGs
[2023-04-09T10:31:58.525+0000] {logging_mixin.py:137} INFO - [2023-04-09T10:31:58.525+0000] {dag.py:3456} INFO - Setting next_dagrun for example_task_group_decorator to 2023-04-08T10:31:58.524759+00:00, run_after=2023-04-09T10:31:58.524759+00:00
[2023-04-09T10:31:58.551+0000] {processor.py:175} INFO - Processing /home/airflow/.local/lib/python3.7/site-packages/airflow/example_dags/example_task_group_decorator.py took 0.171 seconds
[2023-04-09T10:32:28.897+0000] {processor.py:153} INFO - Started process (PID=244) to work on /home/airflow/.local/lib/python3.7/site-packages/airflow/example_dags/example_task_group_decorator.py
[2023-04-09T10:32:28.899+0000] {processor.py:743} INFO - Processing file /home/airflow/.local/lib/python3.7/site-packages/airflow/example_dags/example_task_group_decorator.py for tasks to queue
[2023-04-09T10:32:28.901+0000] {logging_mixin.py:137} INFO - [2023-04-09T10:32:28.901+0000] {dagbag.py:532} INFO - Filling up the DagBag from /home/airflow/.local/lib/python3.7/site-packages/airflow/example_dags/example_task_group_decorator.py
[2023-04-09T10:32:28.987+0000] {processor.py:753} INFO - DAG(s) dict_keys(['example_task_group_decorator']) retrieved from /home/airflow/.local/lib/python3.7/site-packages/airflow/example_dags/example_task_group_decorator.py
[2023-04-09T10:32:29.031+0000] {logging_mixin.py:137} INFO - [2023-04-09T10:32:29.031+0000] {dag.py:2705} INFO - Sync 1 DAGs
[2023-04-09T10:32:29.070+0000] {logging_mixin.py:137} INFO - [2023-04-09T10:32:29.070+0000] {dag.py:3456} INFO - Setting next_dagrun for example_task_group_decorator to 2023-04-08T10:32:29.070260+00:00, run_after=2023-04-09T10:32:29.070260+00:00
[2023-04-09T10:32:29.117+0000] {processor.py:175} INFO - Processing /home/airflow/.local/lib/python3.7/site-packages/airflow/example_dags/example_task_group_decorator.py took 0.223 seconds
[2023-04-09T10:32:59.872+0000] {processor.py:153} INFO - Started process (PID=294) to work on /home/airflow/.local/lib/python3.7/site-packages/airflow/example_dags/example_task_group_decorator.py
[2023-04-09T10:32:59.873+0000] {processor.py:743} INFO - Processing file /home/airflow/.local/lib/python3.7/site-packages/airflow/example_dags/example_task_group_decorator.py for tasks to queue
[2023-04-09T10:32:59.875+0000] {logging_mixin.py:137} INFO - [2023-04-09T10:32:59.875+0000] {dagbag.py:532} INFO - Filling up the DagBag from /home/airflow/.local/lib/python3.7/site-packages/airflow/example_dags/example_task_group_decorator.py
[2023-04-09T10:32:59.915+0000] {processor.py:753} INFO - DAG(s) dict_keys(['example_task_group_decorator']) retrieved from /home/airflow/.local/lib/python3.7/site-packages/airflow/example_dags/example_task_group_decorator.py
[2023-04-09T10:32:59.962+0000] {logging_mixin.py:137} INFO - [2023-04-09T10:32:59.961+0000] {dag.py:2705} INFO - Sync 1 DAGs
[2023-04-09T10:32:59.992+0000] {logging_mixin.py:137} INFO - [2023-04-09T10:32:59.991+0000] {dag.py:3456} INFO - Setting next_dagrun for example_task_group_decorator to 2023-04-08T10:32:59.991713+00:00, run_after=2023-04-09T10:32:59.991713+00:00
[2023-04-09T10:33:00.019+0000] {processor.py:175} INFO - Processing /home/airflow/.local/lib/python3.7/site-packages/airflow/example_dags/example_task_group_decorator.py took 0.154 seconds
