[2023-04-09T10:30:33.223+0000] {processor.py:153} INFO - Started process (PID=73) to work on /home/airflow/.local/lib/python3.7/site-packages/airflow/example_dags/example_external_task_marker_dag.py
[2023-04-09T10:30:33.230+0000] {processor.py:743} INFO - Processing file /home/airflow/.local/lib/python3.7/site-packages/airflow/example_dags/example_external_task_marker_dag.py for tasks to queue
[2023-04-09T10:30:33.255+0000] {logging_mixin.py:137} INFO - [2023-04-09T10:30:33.254+0000] {dagbag.py:532} INFO - Filling up the DagBag from /home/airflow/.local/lib/python3.7/site-packages/airflow/example_dags/example_external_task_marker_dag.py
[2023-04-09T10:30:33.428+0000] {processor.py:753} INFO - DAG(s) dict_keys(['example_external_task_marker_parent', 'example_external_task_marker_child']) retrieved from /home/airflow/.local/lib/python3.7/site-packages/airflow/example_dags/example_external_task_marker_dag.py
[2023-04-09T10:30:33.559+0000] {logging_mixin.py:137} INFO - [2023-04-09T10:30:33.558+0000] {dag.py:2705} INFO - Sync 2 DAGs
[2023-04-09T10:30:33.880+0000] {logging_mixin.py:137} INFO - [2023-04-09T10:30:33.859+0000] {dag.py:3456} INFO - Setting next_dagrun for example_external_task_marker_child to None, run_after=None
[2023-04-09T10:30:33.947+0000] {logging_mixin.py:137} INFO - [2023-04-09T10:30:33.947+0000] {dag.py:3456} INFO - Setting next_dagrun for example_external_task_marker_parent to None, run_after=None
[2023-04-09T10:30:34.204+0000] {processor.py:175} INFO - Processing /home/airflow/.local/lib/python3.7/site-packages/airflow/example_dags/example_external_task_marker_dag.py took 1.024 seconds
[2023-04-09T10:31:05.192+0000] {processor.py:153} INFO - Started process (PID=122) to work on /home/airflow/.local/lib/python3.7/site-packages/airflow/example_dags/example_external_task_marker_dag.py
[2023-04-09T10:31:05.194+0000] {processor.py:743} INFO - Processing file /home/airflow/.local/lib/python3.7/site-packages/airflow/example_dags/example_external_task_marker_dag.py for tasks to queue
[2023-04-09T10:31:05.197+0000] {logging_mixin.py:137} INFO - [2023-04-09T10:31:05.195+0000] {dagbag.py:532} INFO - Filling up the DagBag from /home/airflow/.local/lib/python3.7/site-packages/airflow/example_dags/example_external_task_marker_dag.py
[2023-04-09T10:31:05.213+0000] {processor.py:753} INFO - DAG(s) dict_keys(['example_external_task_marker_child', 'example_external_task_marker_parent']) retrieved from /home/airflow/.local/lib/python3.7/site-packages/airflow/example_dags/example_external_task_marker_dag.py
[2023-04-09T10:31:05.253+0000] {logging_mixin.py:137} INFO - [2023-04-09T10:31:05.252+0000] {dag.py:2705} INFO - Sync 2 DAGs
[2023-04-09T10:31:05.282+0000] {logging_mixin.py:137} INFO - [2023-04-09T10:31:05.281+0000] {dag.py:3456} INFO - Setting next_dagrun for example_external_task_marker_child to None, run_after=None
[2023-04-09T10:31:05.286+0000] {logging_mixin.py:137} INFO - [2023-04-09T10:31:05.285+0000] {dag.py:3456} INFO - Setting next_dagrun for example_external_task_marker_parent to None, run_after=None
[2023-04-09T10:31:05.307+0000] {processor.py:175} INFO - Processing /home/airflow/.local/lib/python3.7/site-packages/airflow/example_dags/example_external_task_marker_dag.py took 0.122 seconds
[2023-04-09T10:31:35.401+0000] {processor.py:153} INFO - Started process (PID=171) to work on /home/airflow/.local/lib/python3.7/site-packages/airflow/example_dags/example_external_task_marker_dag.py
[2023-04-09T10:31:35.403+0000] {processor.py:743} INFO - Processing file /home/airflow/.local/lib/python3.7/site-packages/airflow/example_dags/example_external_task_marker_dag.py for tasks to queue
[2023-04-09T10:31:35.404+0000] {logging_mixin.py:137} INFO - [2023-04-09T10:31:35.404+0000] {dagbag.py:532} INFO - Filling up the DagBag from /home/airflow/.local/lib/python3.7/site-packages/airflow/example_dags/example_external_task_marker_dag.py
[2023-04-09T10:31:35.440+0000] {processor.py:753} INFO - DAG(s) dict_keys(['example_external_task_marker_parent', 'example_external_task_marker_child']) retrieved from /home/airflow/.local/lib/python3.7/site-packages/airflow/example_dags/example_external_task_marker_dag.py
[2023-04-09T10:31:35.518+0000] {logging_mixin.py:137} INFO - [2023-04-09T10:31:35.517+0000] {dag.py:2705} INFO - Sync 2 DAGs
[2023-04-09T10:31:35.545+0000] {logging_mixin.py:137} INFO - [2023-04-09T10:31:35.544+0000] {dag.py:3456} INFO - Setting next_dagrun for example_external_task_marker_child to None, run_after=None
[2023-04-09T10:31:35.551+0000] {logging_mixin.py:137} INFO - [2023-04-09T10:31:35.550+0000] {dag.py:3456} INFO - Setting next_dagrun for example_external_task_marker_parent to None, run_after=None
[2023-04-09T10:31:35.572+0000] {processor.py:175} INFO - Processing /home/airflow/.local/lib/python3.7/site-packages/airflow/example_dags/example_external_task_marker_dag.py took 0.175 seconds
