[2023-04-09T10:30:28.494+0000] {processor.py:153} INFO - Started process (PID=55) to work on /home/airflow/.local/lib/python3.7/site-packages/airflow/example_dags/example_bash_operator.py
[2023-04-09T10:30:28.529+0000] {processor.py:743} INFO - Processing file /home/airflow/.local/lib/python3.7/site-packages/airflow/example_dags/example_bash_operator.py for tasks to queue
[2023-04-09T10:30:28.531+0000] {logging_mixin.py:137} INFO - [2023-04-09T10:30:28.530+0000] {dagbag.py:532} INFO - Filling up the DagBag from /home/airflow/.local/lib/python3.7/site-packages/airflow/example_dags/example_bash_operator.py
[2023-04-09T10:30:28.683+0000] {processor.py:753} INFO - DAG(s) dict_keys(['example_bash_operator']) retrieved from /home/airflow/.local/lib/python3.7/site-packages/airflow/example_dags/example_bash_operator.py
[2023-04-09T10:30:28.881+0000] {logging_mixin.py:137} INFO - [2023-04-09T10:30:28.880+0000] {dag.py:2705} INFO - Sync 1 DAGs
[2023-04-09T10:30:29.062+0000] {logging_mixin.py:137} INFO - [2023-04-09T10:30:29.062+0000] {dag.py:3456} INFO - Setting next_dagrun for example_bash_operator to 2023-04-08T00:00:00+00:00, run_after=2023-04-09T00:00:00+00:00
[2023-04-09T10:30:29.171+0000] {processor.py:175} INFO - Processing /home/airflow/.local/lib/python3.7/site-packages/airflow/example_dags/example_bash_operator.py took 0.681 seconds
[2023-04-09T10:30:59.217+0000] {processor.py:153} INFO - Started process (PID=104) to work on /home/airflow/.local/lib/python3.7/site-packages/airflow/example_dags/example_bash_operator.py
[2023-04-09T10:30:59.219+0000] {processor.py:743} INFO - Processing file /home/airflow/.local/lib/python3.7/site-packages/airflow/example_dags/example_bash_operator.py for tasks to queue
[2023-04-09T10:30:59.220+0000] {logging_mixin.py:137} INFO - [2023-04-09T10:30:59.220+0000] {dagbag.py:532} INFO - Filling up the DagBag from /home/airflow/.local/lib/python3.7/site-packages/airflow/example_dags/example_bash_operator.py
[2023-04-09T10:30:59.243+0000] {processor.py:753} INFO - DAG(s) dict_keys(['example_bash_operator']) retrieved from /home/airflow/.local/lib/python3.7/site-packages/airflow/example_dags/example_bash_operator.py
[2023-04-09T10:30:59.286+0000] {logging_mixin.py:137} INFO - [2023-04-09T10:30:59.286+0000] {dag.py:2705} INFO - Sync 1 DAGs
[2023-04-09T10:30:59.319+0000] {logging_mixin.py:137} INFO - [2023-04-09T10:30:59.318+0000] {dag.py:3456} INFO - Setting next_dagrun for example_bash_operator to 2023-04-08T00:00:00+00:00, run_after=2023-04-09T00:00:00+00:00
[2023-04-09T10:30:59.358+0000] {processor.py:175} INFO - Processing /home/airflow/.local/lib/python3.7/site-packages/airflow/example_dags/example_bash_operator.py took 0.145 seconds
[2023-04-09T10:31:29.465+0000] {processor.py:153} INFO - Started process (PID=153) to work on /home/airflow/.local/lib/python3.7/site-packages/airflow/example_dags/example_bash_operator.py
[2023-04-09T10:31:29.467+0000] {processor.py:743} INFO - Processing file /home/airflow/.local/lib/python3.7/site-packages/airflow/example_dags/example_bash_operator.py for tasks to queue
[2023-04-09T10:31:29.471+0000] {logging_mixin.py:137} INFO - [2023-04-09T10:31:29.471+0000] {dagbag.py:532} INFO - Filling up the DagBag from /home/airflow/.local/lib/python3.7/site-packages/airflow/example_dags/example_bash_operator.py
[2023-04-09T10:31:29.496+0000] {processor.py:753} INFO - DAG(s) dict_keys(['example_bash_operator']) retrieved from /home/airflow/.local/lib/python3.7/site-packages/airflow/example_dags/example_bash_operator.py
[2023-04-09T10:31:29.541+0000] {logging_mixin.py:137} INFO - [2023-04-09T10:31:29.541+0000] {dag.py:2705} INFO - Sync 1 DAGs
[2023-04-09T10:31:29.570+0000] {logging_mixin.py:137} INFO - [2023-04-09T10:31:29.570+0000] {dag.py:3456} INFO - Setting next_dagrun for example_bash_operator to 2023-04-08T00:00:00+00:00, run_after=2023-04-09T00:00:00+00:00
[2023-04-09T10:31:29.603+0000] {processor.py:175} INFO - Processing /home/airflow/.local/lib/python3.7/site-packages/airflow/example_dags/example_bash_operator.py took 0.145 seconds
