[2023-04-09T10:30:27.935+0000] {processor.py:153} INFO - Started process (PID=53) to work on /home/airflow/.local/lib/python3.7/site-packages/airflow/example_dags/example_latest_only.py
[2023-04-09T10:30:27.938+0000] {processor.py:743} INFO - Processing file /home/airflow/.local/lib/python3.7/site-packages/airflow/example_dags/example_latest_only.py for tasks to queue
[2023-04-09T10:30:27.943+0000] {logging_mixin.py:137} INFO - [2023-04-09T10:30:27.942+0000] {dagbag.py:532} INFO - Filling up the DagBag from /home/airflow/.local/lib/python3.7/site-packages/airflow/example_dags/example_latest_only.py
[2023-04-09T10:30:28.049+0000] {processor.py:753} INFO - DAG(s) dict_keys(['latest_only']) retrieved from /home/airflow/.local/lib/python3.7/site-packages/airflow/example_dags/example_latest_only.py
[2023-04-09T10:30:28.193+0000] {logging_mixin.py:137} INFO - [2023-04-09T10:30:28.192+0000] {dag.py:2705} INFO - Sync 1 DAGs
[2023-04-09T10:30:28.311+0000] {logging_mixin.py:137} INFO - [2023-04-09T10:30:28.311+0000] {dag.py:3456} INFO - Setting next_dagrun for latest_only to 2023-04-09T06:30:28.310845+00:00, run_after=2023-04-09T10:30:28.310845+00:00
[2023-04-09T10:30:28.414+0000] {processor.py:175} INFO - Processing /home/airflow/.local/lib/python3.7/site-packages/airflow/example_dags/example_latest_only.py took 0.499 seconds
[2023-04-09T10:30:59.211+0000] {processor.py:153} INFO - Started process (PID=103) to work on /home/airflow/.local/lib/python3.7/site-packages/airflow/example_dags/example_latest_only.py
[2023-04-09T10:30:59.212+0000] {processor.py:743} INFO - Processing file /home/airflow/.local/lib/python3.7/site-packages/airflow/example_dags/example_latest_only.py for tasks to queue
[2023-04-09T10:30:59.214+0000] {logging_mixin.py:137} INFO - [2023-04-09T10:30:59.214+0000] {dagbag.py:532} INFO - Filling up the DagBag from /home/airflow/.local/lib/python3.7/site-packages/airflow/example_dags/example_latest_only.py
[2023-04-09T10:30:59.230+0000] {processor.py:753} INFO - DAG(s) dict_keys(['latest_only']) retrieved from /home/airflow/.local/lib/python3.7/site-packages/airflow/example_dags/example_latest_only.py
[2023-04-09T10:30:59.262+0000] {logging_mixin.py:137} INFO - [2023-04-09T10:30:59.262+0000] {dag.py:2705} INFO - Sync 1 DAGs
[2023-04-09T10:30:59.292+0000] {logging_mixin.py:137} INFO - [2023-04-09T10:30:59.291+0000] {dag.py:3456} INFO - Setting next_dagrun for latest_only to 2023-04-09T06:30:59.291505+00:00, run_after=2023-04-09T10:30:59.291505+00:00
[2023-04-09T10:30:59.319+0000] {processor.py:175} INFO - Processing /home/airflow/.local/lib/python3.7/site-packages/airflow/example_dags/example_latest_only.py took 0.114 seconds
[2023-04-09T10:31:29.457+0000] {processor.py:153} INFO - Started process (PID=152) to work on /home/airflow/.local/lib/python3.7/site-packages/airflow/example_dags/example_latest_only.py
[2023-04-09T10:31:29.459+0000] {processor.py:743} INFO - Processing file /home/airflow/.local/lib/python3.7/site-packages/airflow/example_dags/example_latest_only.py for tasks to queue
[2023-04-09T10:31:29.460+0000] {logging_mixin.py:137} INFO - [2023-04-09T10:31:29.460+0000] {dagbag.py:532} INFO - Filling up the DagBag from /home/airflow/.local/lib/python3.7/site-packages/airflow/example_dags/example_latest_only.py
[2023-04-09T10:31:29.478+0000] {processor.py:753} INFO - DAG(s) dict_keys(['latest_only']) retrieved from /home/airflow/.local/lib/python3.7/site-packages/airflow/example_dags/example_latest_only.py
[2023-04-09T10:31:29.511+0000] {logging_mixin.py:137} INFO - [2023-04-09T10:31:29.511+0000] {dag.py:2705} INFO - Sync 1 DAGs
[2023-04-09T10:31:29.538+0000] {logging_mixin.py:137} INFO - [2023-04-09T10:31:29.538+0000] {dag.py:3456} INFO - Setting next_dagrun for latest_only to 2023-04-09T06:31:29.538413+00:00, run_after=2023-04-09T10:31:29.538413+00:00
[2023-04-09T10:31:29.561+0000] {processor.py:175} INFO - Processing /home/airflow/.local/lib/python3.7/site-packages/airflow/example_dags/example_latest_only.py took 0.110 seconds
[2023-04-09T10:32:00.000+0000] {processor.py:153} INFO - Started process (PID=201) to work on /home/airflow/.local/lib/python3.7/site-packages/airflow/example_dags/example_latest_only.py
[2023-04-09T10:32:00.002+0000] {processor.py:743} INFO - Processing file /home/airflow/.local/lib/python3.7/site-packages/airflow/example_dags/example_latest_only.py for tasks to queue
[2023-04-09T10:32:00.004+0000] {logging_mixin.py:137} INFO - [2023-04-09T10:32:00.004+0000] {dagbag.py:532} INFO - Filling up the DagBag from /home/airflow/.local/lib/python3.7/site-packages/airflow/example_dags/example_latest_only.py
[2023-04-09T10:32:00.028+0000] {processor.py:753} INFO - DAG(s) dict_keys(['latest_only']) retrieved from /home/airflow/.local/lib/python3.7/site-packages/airflow/example_dags/example_latest_only.py
[2023-04-09T10:32:00.065+0000] {logging_mixin.py:137} INFO - [2023-04-09T10:32:00.065+0000] {dag.py:2705} INFO - Sync 1 DAGs
[2023-04-09T10:32:00.095+0000] {logging_mixin.py:137} INFO - [2023-04-09T10:32:00.095+0000] {dag.py:3456} INFO - Setting next_dagrun for latest_only to 2023-04-09T06:32:00.095487+00:00, run_after=2023-04-09T10:32:00.095487+00:00
[2023-04-09T10:32:00.123+0000] {processor.py:175} INFO - Processing /home/airflow/.local/lib/python3.7/site-packages/airflow/example_dags/example_latest_only.py took 0.127 seconds
[2023-04-09T10:32:30.594+0000] {processor.py:153} INFO - Started process (PID=251) to work on /home/airflow/.local/lib/python3.7/site-packages/airflow/example_dags/example_latest_only.py
[2023-04-09T10:32:30.595+0000] {processor.py:743} INFO - Processing file /home/airflow/.local/lib/python3.7/site-packages/airflow/example_dags/example_latest_only.py for tasks to queue
[2023-04-09T10:32:30.596+0000] {logging_mixin.py:137} INFO - [2023-04-09T10:32:30.596+0000] {dagbag.py:532} INFO - Filling up the DagBag from /home/airflow/.local/lib/python3.7/site-packages/airflow/example_dags/example_latest_only.py
[2023-04-09T10:32:30.622+0000] {processor.py:753} INFO - DAG(s) dict_keys(['latest_only']) retrieved from /home/airflow/.local/lib/python3.7/site-packages/airflow/example_dags/example_latest_only.py
[2023-04-09T10:32:30.683+0000] {logging_mixin.py:137} INFO - [2023-04-09T10:32:30.683+0000] {dag.py:2705} INFO - Sync 1 DAGs
[2023-04-09T10:32:30.744+0000] {logging_mixin.py:137} INFO - [2023-04-09T10:32:30.744+0000] {dag.py:3456} INFO - Setting next_dagrun for latest_only to 2023-04-09T06:32:30.743495+00:00, run_after=2023-04-09T10:32:30.743495+00:00
[2023-04-09T10:32:30.955+0000] {processor.py:175} INFO - Processing /home/airflow/.local/lib/python3.7/site-packages/airflow/example_dags/example_latest_only.py took 0.367 seconds
[2023-04-09T10:33:01.363+0000] {processor.py:153} INFO - Started process (PID=301) to work on /home/airflow/.local/lib/python3.7/site-packages/airflow/example_dags/example_latest_only.py
[2023-04-09T10:33:01.365+0000] {processor.py:743} INFO - Processing file /home/airflow/.local/lib/python3.7/site-packages/airflow/example_dags/example_latest_only.py for tasks to queue
[2023-04-09T10:33:01.366+0000] {logging_mixin.py:137} INFO - [2023-04-09T10:33:01.366+0000] {dagbag.py:532} INFO - Filling up the DagBag from /home/airflow/.local/lib/python3.7/site-packages/airflow/example_dags/example_latest_only.py
[2023-04-09T10:33:01.382+0000] {processor.py:753} INFO - DAG(s) dict_keys(['latest_only']) retrieved from /home/airflow/.local/lib/python3.7/site-packages/airflow/example_dags/example_latest_only.py
[2023-04-09T10:33:01.416+0000] {logging_mixin.py:137} INFO - [2023-04-09T10:33:01.415+0000] {dag.py:2705} INFO - Sync 1 DAGs
[2023-04-09T10:33:01.445+0000] {logging_mixin.py:137} INFO - [2023-04-09T10:33:01.445+0000] {dag.py:3456} INFO - Setting next_dagrun for latest_only to 2023-04-09T06:33:01.445503+00:00, run_after=2023-04-09T10:33:01.445503+00:00
[2023-04-09T10:33:01.470+0000] {processor.py:175} INFO - Processing /home/airflow/.local/lib/python3.7/site-packages/airflow/example_dags/example_latest_only.py took 0.112 seconds
