[2023-04-09T10:30:21.286+0000] {processor.py:153} INFO - Started process (PID=34) to work on /home/airflow/.local/lib/python3.7/site-packages/airflow/example_dags/example_nested_branch_dag.py
[2023-04-09T10:30:21.305+0000] {processor.py:743} INFO - Processing file /home/airflow/.local/lib/python3.7/site-packages/airflow/example_dags/example_nested_branch_dag.py for tasks to queue
[2023-04-09T10:30:21.307+0000] {logging_mixin.py:137} INFO - [2023-04-09T10:30:21.307+0000] {dagbag.py:532} INFO - Filling up the DagBag from /home/airflow/.local/lib/python3.7/site-packages/airflow/example_dags/example_nested_branch_dag.py
[2023-04-09T10:30:21.673+0000] {processor.py:753} INFO - DAG(s) dict_keys(['example_nested_branch_dag']) retrieved from /home/airflow/.local/lib/python3.7/site-packages/airflow/example_dags/example_nested_branch_dag.py
[2023-04-09T10:30:21.915+0000] {logging_mixin.py:137} INFO - [2023-04-09T10:30:21.914+0000] {dag.py:2705} INFO - Sync 1 DAGs
[2023-04-09T10:30:22.032+0000] {logging_mixin.py:137} INFO - [2023-04-09T10:30:22.032+0000] {dag.py:3456} INFO - Setting next_dagrun for example_nested_branch_dag to 2023-04-08T00:00:00+00:00, run_after=2023-04-09T00:00:00+00:00
[2023-04-09T10:30:22.119+0000] {processor.py:175} INFO - Processing /home/airflow/.local/lib/python3.7/site-packages/airflow/example_dags/example_nested_branch_dag.py took 0.869 seconds
[2023-04-09T10:30:52.506+0000] {processor.py:153} INFO - Started process (PID=84) to work on /home/airflow/.local/lib/python3.7/site-packages/airflow/example_dags/example_nested_branch_dag.py
[2023-04-09T10:30:52.507+0000] {processor.py:743} INFO - Processing file /home/airflow/.local/lib/python3.7/site-packages/airflow/example_dags/example_nested_branch_dag.py for tasks to queue
[2023-04-09T10:30:52.508+0000] {logging_mixin.py:137} INFO - [2023-04-09T10:30:52.508+0000] {dagbag.py:532} INFO - Filling up the DagBag from /home/airflow/.local/lib/python3.7/site-packages/airflow/example_dags/example_nested_branch_dag.py
[2023-04-09T10:30:52.538+0000] {processor.py:753} INFO - DAG(s) dict_keys(['example_nested_branch_dag']) retrieved from /home/airflow/.local/lib/python3.7/site-packages/airflow/example_dags/example_nested_branch_dag.py
[2023-04-09T10:30:52.573+0000] {logging_mixin.py:137} INFO - [2023-04-09T10:30:52.572+0000] {dag.py:2705} INFO - Sync 1 DAGs
[2023-04-09T10:30:52.602+0000] {logging_mixin.py:137} INFO - [2023-04-09T10:30:52.602+0000] {dag.py:3456} INFO - Setting next_dagrun for example_nested_branch_dag to 2023-04-08T00:00:00+00:00, run_after=2023-04-09T00:00:00+00:00
[2023-04-09T10:30:52.629+0000] {processor.py:175} INFO - Processing /home/airflow/.local/lib/python3.7/site-packages/airflow/example_dags/example_nested_branch_dag.py took 0.130 seconds
[2023-04-09T10:31:22.767+0000] {processor.py:153} INFO - Started process (PID=133) to work on /home/airflow/.local/lib/python3.7/site-packages/airflow/example_dags/example_nested_branch_dag.py
[2023-04-09T10:31:22.770+0000] {processor.py:743} INFO - Processing file /home/airflow/.local/lib/python3.7/site-packages/airflow/example_dags/example_nested_branch_dag.py for tasks to queue
[2023-04-09T10:31:22.771+0000] {logging_mixin.py:137} INFO - [2023-04-09T10:31:22.771+0000] {dagbag.py:532} INFO - Filling up the DagBag from /home/airflow/.local/lib/python3.7/site-packages/airflow/example_dags/example_nested_branch_dag.py
[2023-04-09T10:31:22.798+0000] {processor.py:753} INFO - DAG(s) dict_keys(['example_nested_branch_dag']) retrieved from /home/airflow/.local/lib/python3.7/site-packages/airflow/example_dags/example_nested_branch_dag.py
[2023-04-09T10:31:22.844+0000] {logging_mixin.py:137} INFO - [2023-04-09T10:31:22.844+0000] {dag.py:2705} INFO - Sync 1 DAGs
[2023-04-09T10:31:22.872+0000] {logging_mixin.py:137} INFO - [2023-04-09T10:31:22.871+0000] {dag.py:3456} INFO - Setting next_dagrun for example_nested_branch_dag to 2023-04-08T00:00:00+00:00, run_after=2023-04-09T00:00:00+00:00
[2023-04-09T10:31:22.895+0000] {processor.py:175} INFO - Processing /home/airflow/.local/lib/python3.7/site-packages/airflow/example_dags/example_nested_branch_dag.py took 0.132 seconds
