[2023-04-09T10:30:24.261+0000] {processor.py:153} INFO - Started process (PID=41) to work on /home/airflow/.local/lib/python3.7/site-packages/airflow/example_dags/example_short_circuit_decorator.py
[2023-04-09T10:30:24.264+0000] {processor.py:743} INFO - Processing file /home/airflow/.local/lib/python3.7/site-packages/airflow/example_dags/example_short_circuit_decorator.py for tasks to queue
[2023-04-09T10:30:24.270+0000] {logging_mixin.py:137} INFO - [2023-04-09T10:30:24.269+0000] {dagbag.py:532} INFO - Filling up the DagBag from /home/airflow/.local/lib/python3.7/site-packages/airflow/example_dags/example_short_circuit_decorator.py
[2023-04-09T10:30:24.461+0000] {processor.py:753} INFO - DAG(s) dict_keys(['example_short_circuit_decorator']) retrieved from /home/airflow/.local/lib/python3.7/site-packages/airflow/example_dags/example_short_circuit_decorator.py
[2023-04-09T10:30:24.619+0000] {logging_mixin.py:137} INFO - [2023-04-09T10:30:24.619+0000] {dag.py:2705} INFO - Sync 1 DAGs
[2023-04-09T10:30:24.700+0000] {logging_mixin.py:137} INFO - [2023-04-09T10:30:24.700+0000] {dag.py:3456} INFO - Setting next_dagrun for example_short_circuit_decorator to 2023-04-08T10:30:24.700055+00:00, run_after=2023-04-09T10:30:24.700055+00:00
[2023-04-09T10:30:24.787+0000] {processor.py:175} INFO - Processing /home/airflow/.local/lib/python3.7/site-packages/airflow/example_dags/example_short_circuit_decorator.py took 0.568 seconds
[2023-04-09T10:30:55.295+0000] {processor.py:153} INFO - Started process (PID=91) to work on /home/airflow/.local/lib/python3.7/site-packages/airflow/example_dags/example_short_circuit_decorator.py
[2023-04-09T10:30:55.296+0000] {processor.py:743} INFO - Processing file /home/airflow/.local/lib/python3.7/site-packages/airflow/example_dags/example_short_circuit_decorator.py for tasks to queue
[2023-04-09T10:30:55.304+0000] {logging_mixin.py:137} INFO - [2023-04-09T10:30:55.303+0000] {dagbag.py:532} INFO - Filling up the DagBag from /home/airflow/.local/lib/python3.7/site-packages/airflow/example_dags/example_short_circuit_decorator.py
[2023-04-09T10:30:55.406+0000] {processor.py:753} INFO - DAG(s) dict_keys(['example_short_circuit_decorator']) retrieved from /home/airflow/.local/lib/python3.7/site-packages/airflow/example_dags/example_short_circuit_decorator.py
[2023-04-09T10:30:55.536+0000] {logging_mixin.py:137} INFO - [2023-04-09T10:30:55.535+0000] {dag.py:2705} INFO - Sync 1 DAGs
[2023-04-09T10:30:55.626+0000] {logging_mixin.py:137} INFO - [2023-04-09T10:30:55.625+0000] {dag.py:3456} INFO - Setting next_dagrun for example_short_circuit_decorator to 2023-04-08T10:30:55.625468+00:00, run_after=2023-04-09T10:30:55.625468+00:00
[2023-04-09T10:30:55.726+0000] {processor.py:175} INFO - Processing /home/airflow/.local/lib/python3.7/site-packages/airflow/example_dags/example_short_circuit_decorator.py took 0.457 seconds
[2023-04-09T10:31:26.391+0000] {processor.py:153} INFO - Started process (PID=140) to work on /home/airflow/.local/lib/python3.7/site-packages/airflow/example_dags/example_short_circuit_decorator.py
[2023-04-09T10:31:26.393+0000] {processor.py:743} INFO - Processing file /home/airflow/.local/lib/python3.7/site-packages/airflow/example_dags/example_short_circuit_decorator.py for tasks to queue
[2023-04-09T10:31:26.394+0000] {logging_mixin.py:137} INFO - [2023-04-09T10:31:26.394+0000] {dagbag.py:532} INFO - Filling up the DagBag from /home/airflow/.local/lib/python3.7/site-packages/airflow/example_dags/example_short_circuit_decorator.py
[2023-04-09T10:31:26.432+0000] {processor.py:753} INFO - DAG(s) dict_keys(['example_short_circuit_decorator']) retrieved from /home/airflow/.local/lib/python3.7/site-packages/airflow/example_dags/example_short_circuit_decorator.py
[2023-04-09T10:31:26.474+0000] {logging_mixin.py:137} INFO - [2023-04-09T10:31:26.474+0000] {dag.py:2705} INFO - Sync 1 DAGs
[2023-04-09T10:31:26.502+0000] {logging_mixin.py:137} INFO - [2023-04-09T10:31:26.502+0000] {dag.py:3456} INFO - Setting next_dagrun for example_short_circuit_decorator to 2023-04-08T10:31:26.501751+00:00, run_after=2023-04-09T10:31:26.501751+00:00
[2023-04-09T10:31:26.528+0000] {processor.py:175} INFO - Processing /home/airflow/.local/lib/python3.7/site-packages/airflow/example_dags/example_short_circuit_decorator.py took 0.143 seconds
