[2023-04-09T10:30:32.344+0000] {processor.py:153} INFO - Started process (PID=71) to work on /home/airflow/.local/lib/python3.7/site-packages/airflow/example_dags/example_xcom.py
[2023-04-09T10:30:32.352+0000] {processor.py:743} INFO - Processing file /home/airflow/.local/lib/python3.7/site-packages/airflow/example_dags/example_xcom.py for tasks to queue
[2023-04-09T10:30:32.365+0000] {logging_mixin.py:137} INFO - [2023-04-09T10:30:32.361+0000] {dagbag.py:532} INFO - Filling up the DagBag from /home/airflow/.local/lib/python3.7/site-packages/airflow/example_dags/example_xcom.py
[2023-04-09T10:30:32.452+0000] {processor.py:753} INFO - DAG(s) dict_keys(['example_xcom']) retrieved from /home/airflow/.local/lib/python3.7/site-packages/airflow/example_dags/example_xcom.py
[2023-04-09T10:30:32.716+0000] {logging_mixin.py:137} INFO - [2023-04-09T10:30:32.716+0000] {dag.py:2705} INFO - Sync 1 DAGs
[2023-04-09T10:30:32.873+0000] {logging_mixin.py:137} INFO - [2023-04-09T10:30:32.871+0000] {dag.py:3456} INFO - Setting next_dagrun for example_xcom to 2021-01-01T00:00:00+00:00, run_after=2021-01-01T00:00:00+00:00
[2023-04-09T10:30:33.078+0000] {processor.py:175} INFO - Processing /home/airflow/.local/lib/python3.7/site-packages/airflow/example_dags/example_xcom.py took 0.765 seconds
[2023-04-09T10:31:03.994+0000] {processor.py:153} INFO - Started process (PID=120) to work on /home/airflow/.local/lib/python3.7/site-packages/airflow/example_dags/example_xcom.py
[2023-04-09T10:31:03.996+0000] {processor.py:743} INFO - Processing file /home/airflow/.local/lib/python3.7/site-packages/airflow/example_dags/example_xcom.py for tasks to queue
[2023-04-09T10:31:03.997+0000] {logging_mixin.py:137} INFO - [2023-04-09T10:31:03.997+0000] {dagbag.py:532} INFO - Filling up the DagBag from /home/airflow/.local/lib/python3.7/site-packages/airflow/example_dags/example_xcom.py
[2023-04-09T10:31:04.025+0000] {processor.py:753} INFO - DAG(s) dict_keys(['example_xcom']) retrieved from /home/airflow/.local/lib/python3.7/site-packages/airflow/example_dags/example_xcom.py
[2023-04-09T10:31:04.059+0000] {logging_mixin.py:137} INFO - [2023-04-09T10:31:04.059+0000] {dag.py:2705} INFO - Sync 1 DAGs
[2023-04-09T10:31:04.090+0000] {logging_mixin.py:137} INFO - [2023-04-09T10:31:04.090+0000] {dag.py:3456} INFO - Setting next_dagrun for example_xcom to 2021-01-01T00:00:00+00:00, run_after=2021-01-01T00:00:00+00:00
[2023-04-09T10:31:04.132+0000] {processor.py:175} INFO - Processing /home/airflow/.local/lib/python3.7/site-packages/airflow/example_dags/example_xcom.py took 0.144 seconds
[2023-04-09T10:31:34.334+0000] {processor.py:153} INFO - Started process (PID=169) to work on /home/airflow/.local/lib/python3.7/site-packages/airflow/example_dags/example_xcom.py
[2023-04-09T10:31:34.335+0000] {processor.py:743} INFO - Processing file /home/airflow/.local/lib/python3.7/site-packages/airflow/example_dags/example_xcom.py for tasks to queue
[2023-04-09T10:31:34.337+0000] {logging_mixin.py:137} INFO - [2023-04-09T10:31:34.336+0000] {dagbag.py:532} INFO - Filling up the DagBag from /home/airflow/.local/lib/python3.7/site-packages/airflow/example_dags/example_xcom.py
[2023-04-09T10:31:34.365+0000] {processor.py:753} INFO - DAG(s) dict_keys(['example_xcom']) retrieved from /home/airflow/.local/lib/python3.7/site-packages/airflow/example_dags/example_xcom.py
[2023-04-09T10:31:34.397+0000] {logging_mixin.py:137} INFO - [2023-04-09T10:31:34.397+0000] {dag.py:2705} INFO - Sync 1 DAGs
[2023-04-09T10:31:34.436+0000] {logging_mixin.py:137} INFO - [2023-04-09T10:31:34.435+0000] {dag.py:3456} INFO - Setting next_dagrun for example_xcom to 2021-01-01T00:00:00+00:00, run_after=2021-01-01T00:00:00+00:00
[2023-04-09T10:31:34.462+0000] {processor.py:175} INFO - Processing /home/airflow/.local/lib/python3.7/site-packages/airflow/example_dags/example_xcom.py took 0.134 seconds
[2023-04-09T10:32:05.067+0000] {processor.py:153} INFO - Started process (PID=219) to work on /home/airflow/.local/lib/python3.7/site-packages/airflow/example_dags/example_xcom.py
[2023-04-09T10:32:05.069+0000] {processor.py:743} INFO - Processing file /home/airflow/.local/lib/python3.7/site-packages/airflow/example_dags/example_xcom.py for tasks to queue
[2023-04-09T10:32:05.072+0000] {logging_mixin.py:137} INFO - [2023-04-09T10:32:05.071+0000] {dagbag.py:532} INFO - Filling up the DagBag from /home/airflow/.local/lib/python3.7/site-packages/airflow/example_dags/example_xcom.py
[2023-04-09T10:32:05.124+0000] {processor.py:753} INFO - DAG(s) dict_keys(['example_xcom']) retrieved from /home/airflow/.local/lib/python3.7/site-packages/airflow/example_dags/example_xcom.py
[2023-04-09T10:32:05.183+0000] {logging_mixin.py:137} INFO - [2023-04-09T10:32:05.183+0000] {dag.py:2705} INFO - Sync 1 DAGs
[2023-04-09T10:32:05.223+0000] {logging_mixin.py:137} INFO - [2023-04-09T10:32:05.222+0000] {dag.py:3456} INFO - Setting next_dagrun for example_xcom to 2021-01-01T00:00:00+00:00, run_after=2021-01-01T00:00:00+00:00
[2023-04-09T10:32:05.295+0000] {processor.py:175} INFO - Processing /home/airflow/.local/lib/python3.7/site-packages/airflow/example_dags/example_xcom.py took 0.232 seconds
[2023-04-09T10:32:35.904+0000] {processor.py:153} INFO - Started process (PID=269) to work on /home/airflow/.local/lib/python3.7/site-packages/airflow/example_dags/example_xcom.py
[2023-04-09T10:32:35.905+0000] {processor.py:743} INFO - Processing file /home/airflow/.local/lib/python3.7/site-packages/airflow/example_dags/example_xcom.py for tasks to queue
[2023-04-09T10:32:35.906+0000] {logging_mixin.py:137} INFO - [2023-04-09T10:32:35.906+0000] {dagbag.py:532} INFO - Filling up the DagBag from /home/airflow/.local/lib/python3.7/site-packages/airflow/example_dags/example_xcom.py
[2023-04-09T10:32:35.943+0000] {processor.py:753} INFO - DAG(s) dict_keys(['example_xcom']) retrieved from /home/airflow/.local/lib/python3.7/site-packages/airflow/example_dags/example_xcom.py
[2023-04-09T10:32:35.981+0000] {logging_mixin.py:137} INFO - [2023-04-09T10:32:35.980+0000] {dag.py:2705} INFO - Sync 1 DAGs
[2023-04-09T10:32:36.027+0000] {logging_mixin.py:137} INFO - [2023-04-09T10:32:36.026+0000] {dag.py:3456} INFO - Setting next_dagrun for example_xcom to 2021-01-01T00:00:00+00:00, run_after=2021-01-01T00:00:00+00:00
[2023-04-09T10:32:36.072+0000] {processor.py:175} INFO - Processing /home/airflow/.local/lib/python3.7/site-packages/airflow/example_dags/example_xcom.py took 0.176 seconds
[2023-04-09T10:33:06.317+0000] {processor.py:153} INFO - Started process (PID=318) to work on /home/airflow/.local/lib/python3.7/site-packages/airflow/example_dags/example_xcom.py
[2023-04-09T10:33:06.322+0000] {processor.py:743} INFO - Processing file /home/airflow/.local/lib/python3.7/site-packages/airflow/example_dags/example_xcom.py for tasks to queue
[2023-04-09T10:33:06.324+0000] {logging_mixin.py:137} INFO - [2023-04-09T10:33:06.324+0000] {dagbag.py:532} INFO - Filling up the DagBag from /home/airflow/.local/lib/python3.7/site-packages/airflow/example_dags/example_xcom.py
[2023-04-09T10:33:06.351+0000] {processor.py:753} INFO - DAG(s) dict_keys(['example_xcom']) retrieved from /home/airflow/.local/lib/python3.7/site-packages/airflow/example_dags/example_xcom.py
[2023-04-09T10:33:06.411+0000] {logging_mixin.py:137} INFO - [2023-04-09T10:33:06.408+0000] {dag.py:2705} INFO - Sync 1 DAGs
[2023-04-09T10:33:06.455+0000] {logging_mixin.py:137} INFO - [2023-04-09T10:33:06.454+0000] {dag.py:3456} INFO - Setting next_dagrun for example_xcom to 2021-01-01T00:00:00+00:00, run_after=2021-01-01T00:00:00+00:00
[2023-04-09T10:33:06.483+0000] {processor.py:175} INFO - Processing /home/airflow/.local/lib/python3.7/site-packages/airflow/example_dags/example_xcom.py took 0.169 seconds
