[2023-04-09T10:30:28.154+0000] {processor.py:153} INFO - Started process (PID=54) to work on /home/airflow/.local/lib/python3.7/site-packages/airflow/example_dags/example_datasets.py
[2023-04-09T10:30:28.191+0000] {processor.py:743} INFO - Processing file /home/airflow/.local/lib/python3.7/site-packages/airflow/example_dags/example_datasets.py for tasks to queue
[2023-04-09T10:30:28.193+0000] {logging_mixin.py:137} INFO - [2023-04-09T10:30:28.192+0000] {dagbag.py:532} INFO - Filling up the DagBag from /home/airflow/.local/lib/python3.7/site-packages/airflow/example_dags/example_datasets.py
[2023-04-09T10:30:28.297+0000] {processor.py:753} INFO - DAG(s) dict_keys(['dataset_produces_1', 'dataset_consumes_1_and_2', 'dataset_produces_2', 'dataset_consumes_1', 'dataset_consumes_unknown_never_scheduled', 'dataset_consumes_1_never_scheduled']) retrieved from /home/airflow/.local/lib/python3.7/site-packages/airflow/example_dags/example_datasets.py
[2023-04-09T10:30:28.784+0000] {logging_mixin.py:137} INFO - [2023-04-09T10:30:28.784+0000] {dag.py:2705} INFO - Sync 6 DAGs
[2023-04-09T10:30:28.930+0000] {logging_mixin.py:137} INFO - [2023-04-09T10:30:28.930+0000] {dag.py:3456} INFO - Setting next_dagrun for dataset_consumes_1 to None, run_after=None
[2023-04-09T10:30:28.955+0000] {logging_mixin.py:137} INFO - [2023-04-09T10:30:28.955+0000] {dag.py:3456} INFO - Setting next_dagrun for dataset_consumes_1_and_2 to None, run_after=None
[2023-04-09T10:30:28.958+0000] {logging_mixin.py:137} INFO - [2023-04-09T10:30:28.958+0000] {dag.py:3456} INFO - Setting next_dagrun for dataset_consumes_1_never_scheduled to None, run_after=None
[2023-04-09T10:30:28.969+0000] {logging_mixin.py:137} INFO - [2023-04-09T10:30:28.968+0000] {dag.py:3456} INFO - Setting next_dagrun for dataset_consumes_unknown_never_scheduled to None, run_after=None
[2023-04-09T10:30:28.995+0000] {logging_mixin.py:137} INFO - [2023-04-09T10:30:28.994+0000] {dag.py:3456} INFO - Setting next_dagrun for dataset_produces_1 to 2023-04-08T00:00:00+00:00, run_after=2023-04-09T00:00:00+00:00
[2023-04-09T10:30:29.100+0000] {logging_mixin.py:137} INFO - [2023-04-09T10:30:29.099+0000] {dag.py:3456} INFO - Setting next_dagrun for dataset_produces_2 to None, run_after=None
[2023-04-09T10:30:29.220+0000] {processor.py:175} INFO - Processing /home/airflow/.local/lib/python3.7/site-packages/airflow/example_dags/example_datasets.py took 1.071 seconds
[2023-04-09T10:30:59.362+0000] {processor.py:153} INFO - Started process (PID=105) to work on /home/airflow/.local/lib/python3.7/site-packages/airflow/example_dags/example_datasets.py
[2023-04-09T10:30:59.365+0000] {processor.py:743} INFO - Processing file /home/airflow/.local/lib/python3.7/site-packages/airflow/example_dags/example_datasets.py for tasks to queue
[2023-04-09T10:30:59.367+0000] {logging_mixin.py:137} INFO - [2023-04-09T10:30:59.367+0000] {dagbag.py:532} INFO - Filling up the DagBag from /home/airflow/.local/lib/python3.7/site-packages/airflow/example_dags/example_datasets.py
[2023-04-09T10:30:59.391+0000] {processor.py:753} INFO - DAG(s) dict_keys(['dataset_produces_2', 'dataset_consumes_unknown_never_scheduled', 'dataset_produces_1', 'dataset_consumes_1_never_scheduled', 'dataset_consumes_1_and_2', 'dataset_consumes_1']) retrieved from /home/airflow/.local/lib/python3.7/site-packages/airflow/example_dags/example_datasets.py
[2023-04-09T10:30:59.453+0000] {logging_mixin.py:137} INFO - [2023-04-09T10:30:59.452+0000] {dag.py:2705} INFO - Sync 6 DAGs
[2023-04-09T10:30:59.485+0000] {logging_mixin.py:137} INFO - [2023-04-09T10:30:59.485+0000] {dag.py:3456} INFO - Setting next_dagrun for dataset_consumes_1 to None, run_after=None
[2023-04-09T10:30:59.492+0000] {logging_mixin.py:137} INFO - [2023-04-09T10:30:59.491+0000] {dag.py:3456} INFO - Setting next_dagrun for dataset_consumes_1_and_2 to None, run_after=None
[2023-04-09T10:30:59.494+0000] {logging_mixin.py:137} INFO - [2023-04-09T10:30:59.494+0000] {dag.py:3456} INFO - Setting next_dagrun for dataset_consumes_1_never_scheduled to None, run_after=None
[2023-04-09T10:30:59.497+0000] {logging_mixin.py:137} INFO - [2023-04-09T10:30:59.497+0000] {dag.py:3456} INFO - Setting next_dagrun for dataset_consumes_unknown_never_scheduled to None, run_after=None
[2023-04-09T10:30:59.504+0000] {logging_mixin.py:137} INFO - [2023-04-09T10:30:59.504+0000] {dag.py:3456} INFO - Setting next_dagrun for dataset_produces_1 to 2023-04-08T00:00:00+00:00, run_after=2023-04-09T00:00:00+00:00
[2023-04-09T10:30:59.507+0000] {logging_mixin.py:137} INFO - [2023-04-09T10:30:59.507+0000] {dag.py:3456} INFO - Setting next_dagrun for dataset_produces_2 to None, run_after=None
[2023-04-09T10:30:59.580+0000] {processor.py:175} INFO - Processing /home/airflow/.local/lib/python3.7/site-packages/airflow/example_dags/example_datasets.py took 0.224 seconds
[2023-04-09T10:31:29.630+0000] {processor.py:153} INFO - Started process (PID=154) to work on /home/airflow/.local/lib/python3.7/site-packages/airflow/example_dags/example_datasets.py
[2023-04-09T10:31:29.632+0000] {processor.py:743} INFO - Processing file /home/airflow/.local/lib/python3.7/site-packages/airflow/example_dags/example_datasets.py for tasks to queue
[2023-04-09T10:31:29.634+0000] {logging_mixin.py:137} INFO - [2023-04-09T10:31:29.634+0000] {dagbag.py:532} INFO - Filling up the DagBag from /home/airflow/.local/lib/python3.7/site-packages/airflow/example_dags/example_datasets.py
[2023-04-09T10:31:29.654+0000] {processor.py:753} INFO - DAG(s) dict_keys(['dataset_consumes_1', 'dataset_consumes_unknown_never_scheduled', 'dataset_produces_2', 'dataset_produces_1', 'dataset_consumes_1_and_2', 'dataset_consumes_1_never_scheduled']) retrieved from /home/airflow/.local/lib/python3.7/site-packages/airflow/example_dags/example_datasets.py
[2023-04-09T10:31:29.713+0000] {logging_mixin.py:137} INFO - [2023-04-09T10:31:29.712+0000] {dag.py:2705} INFO - Sync 6 DAGs
[2023-04-09T10:31:29.744+0000] {logging_mixin.py:137} INFO - [2023-04-09T10:31:29.743+0000] {dag.py:3456} INFO - Setting next_dagrun for dataset_consumes_1 to None, run_after=None
[2023-04-09T10:31:29.749+0000] {logging_mixin.py:137} INFO - [2023-04-09T10:31:29.748+0000] {dag.py:3456} INFO - Setting next_dagrun for dataset_consumes_1_and_2 to None, run_after=None
[2023-04-09T10:31:29.751+0000] {logging_mixin.py:137} INFO - [2023-04-09T10:31:29.751+0000] {dag.py:3456} INFO - Setting next_dagrun for dataset_consumes_1_never_scheduled to None, run_after=None
[2023-04-09T10:31:29.754+0000] {logging_mixin.py:137} INFO - [2023-04-09T10:31:29.754+0000] {dag.py:3456} INFO - Setting next_dagrun for dataset_consumes_unknown_never_scheduled to None, run_after=None
[2023-04-09T10:31:29.758+0000] {logging_mixin.py:137} INFO - [2023-04-09T10:31:29.758+0000] {dag.py:3456} INFO - Setting next_dagrun for dataset_produces_1 to 2023-04-08T00:00:00+00:00, run_after=2023-04-09T00:00:00+00:00
[2023-04-09T10:31:29.761+0000] {logging_mixin.py:137} INFO - [2023-04-09T10:31:29.761+0000] {dag.py:3456} INFO - Setting next_dagrun for dataset_produces_2 to None, run_after=None
[2023-04-09T10:31:29.812+0000] {processor.py:175} INFO - Processing /home/airflow/.local/lib/python3.7/site-packages/airflow/example_dags/example_datasets.py took 0.187 seconds
[2023-04-09T10:32:00.014+0000] {processor.py:153} INFO - Started process (PID=202) to work on /home/airflow/.local/lib/python3.7/site-packages/airflow/example_dags/example_datasets.py
[2023-04-09T10:32:00.016+0000] {processor.py:743} INFO - Processing file /home/airflow/.local/lib/python3.7/site-packages/airflow/example_dags/example_datasets.py for tasks to queue
[2023-04-09T10:32:00.017+0000] {logging_mixin.py:137} INFO - [2023-04-09T10:32:00.017+0000] {dagbag.py:532} INFO - Filling up the DagBag from /home/airflow/.local/lib/python3.7/site-packages/airflow/example_dags/example_datasets.py
[2023-04-09T10:32:00.045+0000] {processor.py:753} INFO - DAG(s) dict_keys(['dataset_consumes_1', 'dataset_consumes_1_never_scheduled', 'dataset_produces_1', 'dataset_consumes_1_and_2', 'dataset_consumes_unknown_never_scheduled', 'dataset_produces_2']) retrieved from /home/airflow/.local/lib/python3.7/site-packages/airflow/example_dags/example_datasets.py
[2023-04-09T10:32:00.101+0000] {logging_mixin.py:137} INFO - [2023-04-09T10:32:00.101+0000] {dag.py:2705} INFO - Sync 6 DAGs
[2023-04-09T10:32:00.135+0000] {logging_mixin.py:137} INFO - [2023-04-09T10:32:00.134+0000] {dag.py:3456} INFO - Setting next_dagrun for dataset_consumes_1 to None, run_after=None
[2023-04-09T10:32:00.140+0000] {logging_mixin.py:137} INFO - [2023-04-09T10:32:00.140+0000] {dag.py:3456} INFO - Setting next_dagrun for dataset_consumes_1_and_2 to None, run_after=None
[2023-04-09T10:32:00.142+0000] {logging_mixin.py:137} INFO - [2023-04-09T10:32:00.142+0000] {dag.py:3456} INFO - Setting next_dagrun for dataset_consumes_1_never_scheduled to None, run_after=None
[2023-04-09T10:32:00.145+0000] {logging_mixin.py:137} INFO - [2023-04-09T10:32:00.145+0000] {dag.py:3456} INFO - Setting next_dagrun for dataset_consumes_unknown_never_scheduled to None, run_after=None
[2023-04-09T10:32:00.149+0000] {logging_mixin.py:137} INFO - [2023-04-09T10:32:00.149+0000] {dag.py:3456} INFO - Setting next_dagrun for dataset_produces_1 to 2023-04-08T00:00:00+00:00, run_after=2023-04-09T00:00:00+00:00
[2023-04-09T10:32:00.151+0000] {logging_mixin.py:137} INFO - [2023-04-09T10:32:00.151+0000] {dag.py:3456} INFO - Setting next_dagrun for dataset_produces_2 to None, run_after=None
[2023-04-09T10:32:00.206+0000] {processor.py:175} INFO - Processing /home/airflow/.local/lib/python3.7/site-packages/airflow/example_dags/example_datasets.py took 0.196 seconds
[2023-04-09T10:32:30.603+0000] {processor.py:153} INFO - Started process (PID=252) to work on /home/airflow/.local/lib/python3.7/site-packages/airflow/example_dags/example_datasets.py
[2023-04-09T10:32:30.605+0000] {processor.py:743} INFO - Processing file /home/airflow/.local/lib/python3.7/site-packages/airflow/example_dags/example_datasets.py for tasks to queue
[2023-04-09T10:32:30.607+0000] {logging_mixin.py:137} INFO - [2023-04-09T10:32:30.607+0000] {dagbag.py:532} INFO - Filling up the DagBag from /home/airflow/.local/lib/python3.7/site-packages/airflow/example_dags/example_datasets.py
[2023-04-09T10:32:30.661+0000] {processor.py:753} INFO - DAG(s) dict_keys(['dataset_consumes_1_and_2', 'dataset_consumes_1', 'dataset_consumes_1_never_scheduled', 'dataset_produces_2', 'dataset_produces_1', 'dataset_consumes_unknown_never_scheduled']) retrieved from /home/airflow/.local/lib/python3.7/site-packages/airflow/example_dags/example_datasets.py
[2023-04-09T10:32:30.913+0000] {logging_mixin.py:137} INFO - [2023-04-09T10:32:30.913+0000] {dag.py:2705} INFO - Sync 6 DAGs
[2023-04-09T10:32:31.004+0000] {logging_mixin.py:137} INFO - [2023-04-09T10:32:31.004+0000] {dag.py:3456} INFO - Setting next_dagrun for dataset_consumes_1 to None, run_after=None
[2023-04-09T10:32:31.014+0000] {logging_mixin.py:137} INFO - [2023-04-09T10:32:31.013+0000] {dag.py:3456} INFO - Setting next_dagrun for dataset_consumes_1_and_2 to None, run_after=None
[2023-04-09T10:32:31.019+0000] {logging_mixin.py:137} INFO - [2023-04-09T10:32:31.019+0000] {dag.py:3456} INFO - Setting next_dagrun for dataset_consumes_1_never_scheduled to None, run_after=None
[2023-04-09T10:32:31.024+0000] {logging_mixin.py:137} INFO - [2023-04-09T10:32:31.023+0000] {dag.py:3456} INFO - Setting next_dagrun for dataset_consumes_unknown_never_scheduled to None, run_after=None
[2023-04-09T10:32:31.029+0000] {logging_mixin.py:137} INFO - [2023-04-09T10:32:31.029+0000] {dag.py:3456} INFO - Setting next_dagrun for dataset_produces_1 to 2023-04-08T00:00:00+00:00, run_after=2023-04-09T00:00:00+00:00
[2023-04-09T10:32:31.033+0000] {logging_mixin.py:137} INFO - [2023-04-09T10:32:31.032+0000] {dag.py:3456} INFO - Setting next_dagrun for dataset_produces_2 to None, run_after=None
[2023-04-09T10:32:31.106+0000] {processor.py:175} INFO - Processing /home/airflow/.local/lib/python3.7/site-packages/airflow/example_dags/example_datasets.py took 0.509 seconds
[2023-04-09T10:33:01.361+0000] {processor.py:153} INFO - Started process (PID=302) to work on /home/airflow/.local/lib/python3.7/site-packages/airflow/example_dags/example_datasets.py
[2023-04-09T10:33:01.362+0000] {processor.py:743} INFO - Processing file /home/airflow/.local/lib/python3.7/site-packages/airflow/example_dags/example_datasets.py for tasks to queue
[2023-04-09T10:33:01.363+0000] {logging_mixin.py:137} INFO - [2023-04-09T10:33:01.363+0000] {dagbag.py:532} INFO - Filling up the DagBag from /home/airflow/.local/lib/python3.7/site-packages/airflow/example_dags/example_datasets.py
[2023-04-09T10:33:01.383+0000] {processor.py:753} INFO - DAG(s) dict_keys(['dataset_produces_1', 'dataset_produces_2', 'dataset_consumes_1_never_scheduled', 'dataset_consumes_1_and_2', 'dataset_consumes_1', 'dataset_consumes_unknown_never_scheduled']) retrieved from /home/airflow/.local/lib/python3.7/site-packages/airflow/example_dags/example_datasets.py
[2023-04-09T10:33:01.438+0000] {logging_mixin.py:137} INFO - [2023-04-09T10:33:01.438+0000] {dag.py:2705} INFO - Sync 6 DAGs
[2023-04-09T10:33:01.469+0000] {logging_mixin.py:137} INFO - [2023-04-09T10:33:01.468+0000] {dag.py:3456} INFO - Setting next_dagrun for dataset_consumes_1 to None, run_after=None
[2023-04-09T10:33:01.476+0000] {logging_mixin.py:137} INFO - [2023-04-09T10:33:01.476+0000] {dag.py:3456} INFO - Setting next_dagrun for dataset_consumes_1_and_2 to None, run_after=None
[2023-04-09T10:33:01.480+0000] {logging_mixin.py:137} INFO - [2023-04-09T10:33:01.480+0000] {dag.py:3456} INFO - Setting next_dagrun for dataset_consumes_1_never_scheduled to None, run_after=None
[2023-04-09T10:33:01.482+0000] {logging_mixin.py:137} INFO - [2023-04-09T10:33:01.482+0000] {dag.py:3456} INFO - Setting next_dagrun for dataset_consumes_unknown_never_scheduled to None, run_after=None
[2023-04-09T10:33:01.485+0000] {logging_mixin.py:137} INFO - [2023-04-09T10:33:01.485+0000] {dag.py:3456} INFO - Setting next_dagrun for dataset_produces_1 to 2023-04-08T00:00:00+00:00, run_after=2023-04-09T00:00:00+00:00
[2023-04-09T10:33:01.489+0000] {logging_mixin.py:137} INFO - [2023-04-09T10:33:01.488+0000] {dag.py:3456} INFO - Setting next_dagrun for dataset_produces_2 to None, run_after=None
[2023-04-09T10:33:01.552+0000] {processor.py:175} INFO - Processing /home/airflow/.local/lib/python3.7/site-packages/airflow/example_dags/example_datasets.py took 0.196 seconds
