[2023-04-09T10:30:26.004+0000] {processor.py:153} INFO - Started process (PID=47) to work on /home/airflow/.local/lib/python3.7/site-packages/airflow/example_dags/example_latest_only_with_trigger.py
[2023-04-09T10:30:26.017+0000] {processor.py:743} INFO - Processing file /home/airflow/.local/lib/python3.7/site-packages/airflow/example_dags/example_latest_only_with_trigger.py for tasks to queue
[2023-04-09T10:30:26.020+0000] {logging_mixin.py:137} INFO - [2023-04-09T10:30:26.019+0000] {dagbag.py:532} INFO - Filling up the DagBag from /home/airflow/.local/lib/python3.7/site-packages/airflow/example_dags/example_latest_only_with_trigger.py
[2023-04-09T10:30:26.098+0000] {processor.py:753} INFO - DAG(s) dict_keys(['latest_only_with_trigger']) retrieved from /home/airflow/.local/lib/python3.7/site-packages/airflow/example_dags/example_latest_only_with_trigger.py
[2023-04-09T10:30:26.312+0000] {logging_mixin.py:137} INFO - [2023-04-09T10:30:26.312+0000] {dag.py:2705} INFO - Sync 1 DAGs
[2023-04-09T10:30:26.437+0000] {logging_mixin.py:137} INFO - [2023-04-09T10:30:26.437+0000] {dag.py:3456} INFO - Setting next_dagrun for latest_only_with_trigger to 2023-04-09T06:30:26.437074+00:00, run_after=2023-04-09T10:30:26.437074+00:00
[2023-04-09T10:30:26.550+0000] {processor.py:175} INFO - Processing /home/airflow/.local/lib/python3.7/site-packages/airflow/example_dags/example_latest_only_with_trigger.py took 0.588 seconds
[2023-04-09T10:30:57.128+0000] {processor.py:153} INFO - Started process (PID=97) to work on /home/airflow/.local/lib/python3.7/site-packages/airflow/example_dags/example_latest_only_with_trigger.py
[2023-04-09T10:30:57.145+0000] {processor.py:743} INFO - Processing file /home/airflow/.local/lib/python3.7/site-packages/airflow/example_dags/example_latest_only_with_trigger.py for tasks to queue
[2023-04-09T10:30:57.155+0000] {logging_mixin.py:137} INFO - [2023-04-09T10:30:57.154+0000] {dagbag.py:532} INFO - Filling up the DagBag from /home/airflow/.local/lib/python3.7/site-packages/airflow/example_dags/example_latest_only_with_trigger.py
[2023-04-09T10:30:57.285+0000] {processor.py:753} INFO - DAG(s) dict_keys(['latest_only_with_trigger']) retrieved from /home/airflow/.local/lib/python3.7/site-packages/airflow/example_dags/example_latest_only_with_trigger.py
[2023-04-09T10:30:57.451+0000] {logging_mixin.py:137} INFO - [2023-04-09T10:30:57.451+0000] {dag.py:2705} INFO - Sync 1 DAGs
[2023-04-09T10:30:57.509+0000] {logging_mixin.py:137} INFO - [2023-04-09T10:30:57.508+0000] {dag.py:3456} INFO - Setting next_dagrun for latest_only_with_trigger to 2023-04-09T06:30:57.508118+00:00, run_after=2023-04-09T10:30:57.508118+00:00
[2023-04-09T10:30:57.549+0000] {processor.py:175} INFO - Processing /home/airflow/.local/lib/python3.7/site-packages/airflow/example_dags/example_latest_only_with_trigger.py took 0.429 seconds
[2023-04-09T10:31:27.843+0000] {processor.py:153} INFO - Started process (PID=146) to work on /home/airflow/.local/lib/python3.7/site-packages/airflow/example_dags/example_latest_only_with_trigger.py
[2023-04-09T10:31:27.844+0000] {processor.py:743} INFO - Processing file /home/airflow/.local/lib/python3.7/site-packages/airflow/example_dags/example_latest_only_with_trigger.py for tasks to queue
[2023-04-09T10:31:27.845+0000] {logging_mixin.py:137} INFO - [2023-04-09T10:31:27.845+0000] {dagbag.py:532} INFO - Filling up the DagBag from /home/airflow/.local/lib/python3.7/site-packages/airflow/example_dags/example_latest_only_with_trigger.py
[2023-04-09T10:31:27.863+0000] {processor.py:753} INFO - DAG(s) dict_keys(['latest_only_with_trigger']) retrieved from /home/airflow/.local/lib/python3.7/site-packages/airflow/example_dags/example_latest_only_with_trigger.py
[2023-04-09T10:31:27.897+0000] {logging_mixin.py:137} INFO - [2023-04-09T10:31:27.897+0000] {dag.py:2705} INFO - Sync 1 DAGs
[2023-04-09T10:31:27.927+0000] {logging_mixin.py:137} INFO - [2023-04-09T10:31:27.927+0000] {dag.py:3456} INFO - Setting next_dagrun for latest_only_with_trigger to 2023-04-09T06:31:27.926899+00:00, run_after=2023-04-09T10:31:27.926899+00:00
[2023-04-09T10:31:27.952+0000] {processor.py:175} INFO - Processing /home/airflow/.local/lib/python3.7/site-packages/airflow/example_dags/example_latest_only_with_trigger.py took 0.112 seconds
[2023-04-09T10:31:58.390+0000] {processor.py:153} INFO - Started process (PID=195) to work on /home/airflow/.local/lib/python3.7/site-packages/airflow/example_dags/example_latest_only_with_trigger.py
[2023-04-09T10:31:58.391+0000] {processor.py:743} INFO - Processing file /home/airflow/.local/lib/python3.7/site-packages/airflow/example_dags/example_latest_only_with_trigger.py for tasks to queue
[2023-04-09T10:31:58.392+0000] {logging_mixin.py:137} INFO - [2023-04-09T10:31:58.392+0000] {dagbag.py:532} INFO - Filling up the DagBag from /home/airflow/.local/lib/python3.7/site-packages/airflow/example_dags/example_latest_only_with_trigger.py
[2023-04-09T10:31:58.410+0000] {processor.py:753} INFO - DAG(s) dict_keys(['latest_only_with_trigger']) retrieved from /home/airflow/.local/lib/python3.7/site-packages/airflow/example_dags/example_latest_only_with_trigger.py
[2023-04-09T10:31:58.470+0000] {logging_mixin.py:137} INFO - [2023-04-09T10:31:58.469+0000] {dag.py:2705} INFO - Sync 1 DAGs
[2023-04-09T10:31:58.503+0000] {logging_mixin.py:137} INFO - [2023-04-09T10:31:58.503+0000] {dag.py:3456} INFO - Setting next_dagrun for latest_only_with_trigger to 2023-04-09T06:31:58.502930+00:00, run_after=2023-04-09T10:31:58.502930+00:00
[2023-04-09T10:31:58.530+0000] {processor.py:175} INFO - Processing /home/airflow/.local/lib/python3.7/site-packages/airflow/example_dags/example_latest_only_with_trigger.py took 0.146 seconds
[2023-04-09T10:32:28.909+0000] {processor.py:153} INFO - Started process (PID=245) to work on /home/airflow/.local/lib/python3.7/site-packages/airflow/example_dags/example_latest_only_with_trigger.py
[2023-04-09T10:32:28.910+0000] {processor.py:743} INFO - Processing file /home/airflow/.local/lib/python3.7/site-packages/airflow/example_dags/example_latest_only_with_trigger.py for tasks to queue
[2023-04-09T10:32:28.912+0000] {logging_mixin.py:137} INFO - [2023-04-09T10:32:28.912+0000] {dagbag.py:532} INFO - Filling up the DagBag from /home/airflow/.local/lib/python3.7/site-packages/airflow/example_dags/example_latest_only_with_trigger.py
[2023-04-09T10:32:28.959+0000] {processor.py:753} INFO - DAG(s) dict_keys(['latest_only_with_trigger']) retrieved from /home/airflow/.local/lib/python3.7/site-packages/airflow/example_dags/example_latest_only_with_trigger.py
[2023-04-09T10:32:29.012+0000] {logging_mixin.py:137} INFO - [2023-04-09T10:32:29.012+0000] {dag.py:2705} INFO - Sync 1 DAGs
[2023-04-09T10:32:29.046+0000] {logging_mixin.py:137} INFO - [2023-04-09T10:32:29.046+0000] {dag.py:3456} INFO - Setting next_dagrun for latest_only_with_trigger to 2023-04-09T06:32:29.045743+00:00, run_after=2023-04-09T10:32:29.045743+00:00
[2023-04-09T10:32:29.074+0000] {processor.py:175} INFO - Processing /home/airflow/.local/lib/python3.7/site-packages/airflow/example_dags/example_latest_only_with_trigger.py took 0.168 seconds
[2023-04-09T10:32:59.880+0000] {processor.py:153} INFO - Started process (PID=295) to work on /home/airflow/.local/lib/python3.7/site-packages/airflow/example_dags/example_latest_only_with_trigger.py
[2023-04-09T10:32:59.881+0000] {processor.py:743} INFO - Processing file /home/airflow/.local/lib/python3.7/site-packages/airflow/example_dags/example_latest_only_with_trigger.py for tasks to queue
[2023-04-09T10:32:59.882+0000] {logging_mixin.py:137} INFO - [2023-04-09T10:32:59.882+0000] {dagbag.py:532} INFO - Filling up the DagBag from /home/airflow/.local/lib/python3.7/site-packages/airflow/example_dags/example_latest_only_with_trigger.py
[2023-04-09T10:32:59.899+0000] {processor.py:753} INFO - DAG(s) dict_keys(['latest_only_with_trigger']) retrieved from /home/airflow/.local/lib/python3.7/site-packages/airflow/example_dags/example_latest_only_with_trigger.py
[2023-04-09T10:32:59.937+0000] {logging_mixin.py:137} INFO - [2023-04-09T10:32:59.936+0000] {dag.py:2705} INFO - Sync 1 DAGs
[2023-04-09T10:32:59.964+0000] {logging_mixin.py:137} INFO - [2023-04-09T10:32:59.964+0000] {dag.py:3456} INFO - Setting next_dagrun for latest_only_with_trigger to 2023-04-09T06:32:59.964109+00:00, run_after=2023-04-09T10:32:59.964109+00:00
[2023-04-09T10:32:59.995+0000] {processor.py:175} INFO - Processing /home/airflow/.local/lib/python3.7/site-packages/airflow/example_dags/example_latest_only_with_trigger.py took 0.123 seconds
