[2023-04-09T10:30:26.455+0000] {processor.py:153} INFO - Started process (PID=48) to work on /home/airflow/.local/lib/python3.7/site-packages/airflow/example_dags/example_kubernetes_executor.py
[2023-04-09T10:30:26.466+0000] {processor.py:743} INFO - Processing file /home/airflow/.local/lib/python3.7/site-packages/airflow/example_dags/example_kubernetes_executor.py for tasks to queue
[2023-04-09T10:30:26.475+0000] {logging_mixin.py:137} INFO - [2023-04-09T10:30:26.474+0000] {dagbag.py:532} INFO - Filling up the DagBag from /home/airflow/.local/lib/python3.7/site-packages/airflow/example_dags/example_kubernetes_executor.py
[2023-04-09T10:30:26.626+0000] {processor.py:753} INFO - DAG(s) dict_keys(['example_kubernetes_executor']) retrieved from /home/airflow/.local/lib/python3.7/site-packages/airflow/example_dags/example_kubernetes_executor.py
[2023-04-09T10:30:26.895+0000] {logging_mixin.py:137} INFO - [2023-04-09T10:30:26.895+0000] {dag.py:2705} INFO - Sync 1 DAGs
[2023-04-09T10:30:27.050+0000] {logging_mixin.py:137} INFO - [2023-04-09T10:30:27.049+0000] {dag.py:3456} INFO - Setting next_dagrun for example_kubernetes_executor to None, run_after=None
[2023-04-09T10:30:27.143+0000] {processor.py:175} INFO - Processing /home/airflow/.local/lib/python3.7/site-packages/airflow/example_dags/example_kubernetes_executor.py took 0.702 seconds
[2023-04-09T10:30:57.537+0000] {processor.py:153} INFO - Started process (PID=98) to work on /home/airflow/.local/lib/python3.7/site-packages/airflow/example_dags/example_kubernetes_executor.py
[2023-04-09T10:30:57.538+0000] {processor.py:743} INFO - Processing file /home/airflow/.local/lib/python3.7/site-packages/airflow/example_dags/example_kubernetes_executor.py for tasks to queue
[2023-04-09T10:30:57.540+0000] {logging_mixin.py:137} INFO - [2023-04-09T10:30:57.540+0000] {dagbag.py:532} INFO - Filling up the DagBag from /home/airflow/.local/lib/python3.7/site-packages/airflow/example_dags/example_kubernetes_executor.py
[2023-04-09T10:30:57.581+0000] {processor.py:753} INFO - DAG(s) dict_keys(['example_kubernetes_executor']) retrieved from /home/airflow/.local/lib/python3.7/site-packages/airflow/example_dags/example_kubernetes_executor.py
[2023-04-09T10:30:57.625+0000] {logging_mixin.py:137} INFO - [2023-04-09T10:30:57.624+0000] {dag.py:2705} INFO - Sync 1 DAGs
[2023-04-09T10:30:57.661+0000] {logging_mixin.py:137} INFO - [2023-04-09T10:30:57.660+0000] {dag.py:3456} INFO - Setting next_dagrun for example_kubernetes_executor to None, run_after=None
[2023-04-09T10:30:57.701+0000] {processor.py:175} INFO - Processing /home/airflow/.local/lib/python3.7/site-packages/airflow/example_dags/example_kubernetes_executor.py took 0.169 seconds
[2023-04-09T10:31:27.979+0000] {processor.py:153} INFO - Started process (PID=147) to work on /home/airflow/.local/lib/python3.7/site-packages/airflow/example_dags/example_kubernetes_executor.py
[2023-04-09T10:31:27.981+0000] {processor.py:743} INFO - Processing file /home/airflow/.local/lib/python3.7/site-packages/airflow/example_dags/example_kubernetes_executor.py for tasks to queue
[2023-04-09T10:31:27.982+0000] {logging_mixin.py:137} INFO - [2023-04-09T10:31:27.982+0000] {dagbag.py:532} INFO - Filling up the DagBag from /home/airflow/.local/lib/python3.7/site-packages/airflow/example_dags/example_kubernetes_executor.py
[2023-04-09T10:31:28.015+0000] {processor.py:753} INFO - DAG(s) dict_keys(['example_kubernetes_executor']) retrieved from /home/airflow/.local/lib/python3.7/site-packages/airflow/example_dags/example_kubernetes_executor.py
[2023-04-09T10:31:28.054+0000] {logging_mixin.py:137} INFO - [2023-04-09T10:31:28.054+0000] {dag.py:2705} INFO - Sync 1 DAGs
[2023-04-09T10:31:28.080+0000] {logging_mixin.py:137} INFO - [2023-04-09T10:31:28.080+0000] {dag.py:3456} INFO - Setting next_dagrun for example_kubernetes_executor to None, run_after=None
[2023-04-09T10:31:28.105+0000] {processor.py:175} INFO - Processing /home/airflow/.local/lib/python3.7/site-packages/airflow/example_dags/example_kubernetes_executor.py took 0.131 seconds
[2023-04-09T10:31:58.563+0000] {processor.py:153} INFO - Started process (PID=196) to work on /home/airflow/.local/lib/python3.7/site-packages/airflow/example_dags/example_kubernetes_executor.py
[2023-04-09T10:31:58.566+0000] {processor.py:743} INFO - Processing file /home/airflow/.local/lib/python3.7/site-packages/airflow/example_dags/example_kubernetes_executor.py for tasks to queue
[2023-04-09T10:31:58.569+0000] {logging_mixin.py:137} INFO - [2023-04-09T10:31:58.569+0000] {dagbag.py:532} INFO - Filling up the DagBag from /home/airflow/.local/lib/python3.7/site-packages/airflow/example_dags/example_kubernetes_executor.py
[2023-04-09T10:31:58.611+0000] {processor.py:753} INFO - DAG(s) dict_keys(['example_kubernetes_executor']) retrieved from /home/airflow/.local/lib/python3.7/site-packages/airflow/example_dags/example_kubernetes_executor.py
[2023-04-09T10:31:58.654+0000] {logging_mixin.py:137} INFO - [2023-04-09T10:31:58.653+0000] {dag.py:2705} INFO - Sync 1 DAGs
[2023-04-09T10:31:58.677+0000] {logging_mixin.py:137} INFO - [2023-04-09T10:31:58.677+0000] {dag.py:3456} INFO - Setting next_dagrun for example_kubernetes_executor to None, run_after=None
[2023-04-09T10:31:58.702+0000] {processor.py:175} INFO - Processing /home/airflow/.local/lib/python3.7/site-packages/airflow/example_dags/example_kubernetes_executor.py took 0.146 seconds
[2023-04-09T10:32:29.140+0000] {processor.py:153} INFO - Started process (PID=246) to work on /home/airflow/.local/lib/python3.7/site-packages/airflow/example_dags/example_kubernetes_executor.py
[2023-04-09T10:32:29.143+0000] {processor.py:743} INFO - Processing file /home/airflow/.local/lib/python3.7/site-packages/airflow/example_dags/example_kubernetes_executor.py for tasks to queue
[2023-04-09T10:32:29.145+0000] {logging_mixin.py:137} INFO - [2023-04-09T10:32:29.144+0000] {dagbag.py:532} INFO - Filling up the DagBag from /home/airflow/.local/lib/python3.7/site-packages/airflow/example_dags/example_kubernetes_executor.py
[2023-04-09T10:32:29.197+0000] {processor.py:753} INFO - DAG(s) dict_keys(['example_kubernetes_executor']) retrieved from /home/airflow/.local/lib/python3.7/site-packages/airflow/example_dags/example_kubernetes_executor.py
[2023-04-09T10:32:29.251+0000] {logging_mixin.py:137} INFO - [2023-04-09T10:32:29.251+0000] {dag.py:2705} INFO - Sync 1 DAGs
[2023-04-09T10:32:29.311+0000] {logging_mixin.py:137} INFO - [2023-04-09T10:32:29.310+0000] {dag.py:3456} INFO - Setting next_dagrun for example_kubernetes_executor to None, run_after=None
[2023-04-09T10:32:29.354+0000] {processor.py:175} INFO - Processing /home/airflow/.local/lib/python3.7/site-packages/airflow/example_dags/example_kubernetes_executor.py took 0.222 seconds
[2023-04-09T10:33:00.024+0000] {processor.py:153} INFO - Started process (PID=296) to work on /home/airflow/.local/lib/python3.7/site-packages/airflow/example_dags/example_kubernetes_executor.py
[2023-04-09T10:33:00.025+0000] {processor.py:743} INFO - Processing file /home/airflow/.local/lib/python3.7/site-packages/airflow/example_dags/example_kubernetes_executor.py for tasks to queue
[2023-04-09T10:33:00.027+0000] {logging_mixin.py:137} INFO - [2023-04-09T10:33:00.027+0000] {dagbag.py:532} INFO - Filling up the DagBag from /home/airflow/.local/lib/python3.7/site-packages/airflow/example_dags/example_kubernetes_executor.py
[2023-04-09T10:33:00.060+0000] {processor.py:753} INFO - DAG(s) dict_keys(['example_kubernetes_executor']) retrieved from /home/airflow/.local/lib/python3.7/site-packages/airflow/example_dags/example_kubernetes_executor.py
[2023-04-09T10:33:00.098+0000] {logging_mixin.py:137} INFO - [2023-04-09T10:33:00.098+0000] {dag.py:2705} INFO - Sync 1 DAGs
[2023-04-09T10:33:00.133+0000] {logging_mixin.py:137} INFO - [2023-04-09T10:33:00.133+0000] {dag.py:3456} INFO - Setting next_dagrun for example_kubernetes_executor to None, run_after=None
[2023-04-09T10:33:00.158+0000] {processor.py:175} INFO - Processing /home/airflow/.local/lib/python3.7/site-packages/airflow/example_dags/example_kubernetes_executor.py took 0.139 seconds
