[2023-04-09T10:30:22.690+0000] {processor.py:153} INFO - Started process (PID=37) to work on /home/airflow/.local/lib/python3.7/site-packages/airflow/example_dags/example_task_group.py
[2023-04-09T10:30:22.704+0000] {processor.py:743} INFO - Processing file /home/airflow/.local/lib/python3.7/site-packages/airflow/example_dags/example_task_group.py for tasks to queue
[2023-04-09T10:30:22.708+0000] {logging_mixin.py:137} INFO - [2023-04-09T10:30:22.708+0000] {dagbag.py:532} INFO - Filling up the DagBag from /home/airflow/.local/lib/python3.7/site-packages/airflow/example_dags/example_task_group.py
[2023-04-09T10:30:22.895+0000] {processor.py:753} INFO - DAG(s) dict_keys(['example_task_group']) retrieved from /home/airflow/.local/lib/python3.7/site-packages/airflow/example_dags/example_task_group.py
[2023-04-09T10:30:23.089+0000] {logging_mixin.py:137} INFO - [2023-04-09T10:30:23.089+0000] {dag.py:2705} INFO - Sync 1 DAGs
[2023-04-09T10:30:23.176+0000] {logging_mixin.py:137} INFO - [2023-04-09T10:30:23.176+0000] {dag.py:3456} INFO - Setting next_dagrun for example_task_group to 2023-04-08T10:30:23.176026+00:00, run_after=2023-04-09T10:30:23.176026+00:00
[2023-04-09T10:30:23.283+0000] {processor.py:175} INFO - Processing /home/airflow/.local/lib/python3.7/site-packages/airflow/example_dags/example_task_group.py took 0.634 seconds
[2023-04-09T10:30:53.698+0000] {processor.py:153} INFO - Started process (PID=87) to work on /home/airflow/.local/lib/python3.7/site-packages/airflow/example_dags/example_task_group.py
[2023-04-09T10:30:53.699+0000] {processor.py:743} INFO - Processing file /home/airflow/.local/lib/python3.7/site-packages/airflow/example_dags/example_task_group.py for tasks to queue
[2023-04-09T10:30:53.701+0000] {logging_mixin.py:137} INFO - [2023-04-09T10:30:53.700+0000] {dagbag.py:532} INFO - Filling up the DagBag from /home/airflow/.local/lib/python3.7/site-packages/airflow/example_dags/example_task_group.py
[2023-04-09T10:30:53.722+0000] {processor.py:753} INFO - DAG(s) dict_keys(['example_task_group']) retrieved from /home/airflow/.local/lib/python3.7/site-packages/airflow/example_dags/example_task_group.py
[2023-04-09T10:30:53.765+0000] {logging_mixin.py:137} INFO - [2023-04-09T10:30:53.765+0000] {dag.py:2705} INFO - Sync 1 DAGs
[2023-04-09T10:30:53.796+0000] {logging_mixin.py:137} INFO - [2023-04-09T10:30:53.796+0000] {dag.py:3456} INFO - Setting next_dagrun for example_task_group to 2023-04-08T10:30:53.796371+00:00, run_after=2023-04-09T10:30:53.796371+00:00
[2023-04-09T10:30:53.826+0000] {processor.py:175} INFO - Processing /home/airflow/.local/lib/python3.7/site-packages/airflow/example_dags/example_task_group.py took 0.133 seconds
[2023-04-09T10:31:23.961+0000] {processor.py:153} INFO - Started process (PID=136) to work on /home/airflow/.local/lib/python3.7/site-packages/airflow/example_dags/example_task_group.py
[2023-04-09T10:31:23.962+0000] {processor.py:743} INFO - Processing file /home/airflow/.local/lib/python3.7/site-packages/airflow/example_dags/example_task_group.py for tasks to queue
[2023-04-09T10:31:23.964+0000] {logging_mixin.py:137} INFO - [2023-04-09T10:31:23.963+0000] {dagbag.py:532} INFO - Filling up the DagBag from /home/airflow/.local/lib/python3.7/site-packages/airflow/example_dags/example_task_group.py
[2023-04-09T10:31:23.983+0000] {processor.py:753} INFO - DAG(s) dict_keys(['example_task_group']) retrieved from /home/airflow/.local/lib/python3.7/site-packages/airflow/example_dags/example_task_group.py
[2023-04-09T10:31:24.017+0000] {logging_mixin.py:137} INFO - [2023-04-09T10:31:24.017+0000] {dag.py:2705} INFO - Sync 1 DAGs
[2023-04-09T10:31:24.044+0000] {logging_mixin.py:137} INFO - [2023-04-09T10:31:24.044+0000] {dag.py:3456} INFO - Setting next_dagrun for example_task_group to 2023-04-08T10:31:24.044462+00:00, run_after=2023-04-09T10:31:24.044462+00:00
[2023-04-09T10:31:24.091+0000] {processor.py:175} INFO - Processing /home/airflow/.local/lib/python3.7/site-packages/airflow/example_dags/example_task_group.py took 0.135 seconds
[2023-04-09T10:31:54.481+0000] {processor.py:153} INFO - Started process (PID=185) to work on /home/airflow/.local/lib/python3.7/site-packages/airflow/example_dags/example_task_group.py
[2023-04-09T10:31:54.483+0000] {processor.py:743} INFO - Processing file /home/airflow/.local/lib/python3.7/site-packages/airflow/example_dags/example_task_group.py for tasks to queue
[2023-04-09T10:31:54.484+0000] {logging_mixin.py:137} INFO - [2023-04-09T10:31:54.484+0000] {dagbag.py:532} INFO - Filling up the DagBag from /home/airflow/.local/lib/python3.7/site-packages/airflow/example_dags/example_task_group.py
[2023-04-09T10:31:54.503+0000] {processor.py:753} INFO - DAG(s) dict_keys(['example_task_group']) retrieved from /home/airflow/.local/lib/python3.7/site-packages/airflow/example_dags/example_task_group.py
[2023-04-09T10:31:54.538+0000] {logging_mixin.py:137} INFO - [2023-04-09T10:31:54.538+0000] {dag.py:2705} INFO - Sync 1 DAGs
[2023-04-09T10:31:54.566+0000] {logging_mixin.py:137} INFO - [2023-04-09T10:31:54.566+0000] {dag.py:3456} INFO - Setting next_dagrun for example_task_group to 2023-04-08T10:31:54.566258+00:00, run_after=2023-04-09T10:31:54.566258+00:00
[2023-04-09T10:31:54.596+0000] {processor.py:175} INFO - Processing /home/airflow/.local/lib/python3.7/site-packages/airflow/example_dags/example_task_group.py took 0.122 seconds
[2023-04-09T10:32:24.847+0000] {processor.py:153} INFO - Started process (PID=235) to work on /home/airflow/.local/lib/python3.7/site-packages/airflow/example_dags/example_task_group.py
[2023-04-09T10:32:24.848+0000] {processor.py:743} INFO - Processing file /home/airflow/.local/lib/python3.7/site-packages/airflow/example_dags/example_task_group.py for tasks to queue
[2023-04-09T10:32:24.849+0000] {logging_mixin.py:137} INFO - [2023-04-09T10:32:24.849+0000] {dagbag.py:532} INFO - Filling up the DagBag from /home/airflow/.local/lib/python3.7/site-packages/airflow/example_dags/example_task_group.py
[2023-04-09T10:32:24.871+0000] {processor.py:753} INFO - DAG(s) dict_keys(['example_task_group']) retrieved from /home/airflow/.local/lib/python3.7/site-packages/airflow/example_dags/example_task_group.py
[2023-04-09T10:32:24.907+0000] {logging_mixin.py:137} INFO - [2023-04-09T10:32:24.907+0000] {dag.py:2705} INFO - Sync 1 DAGs
[2023-04-09T10:32:24.937+0000] {logging_mixin.py:137} INFO - [2023-04-09T10:32:24.936+0000] {dag.py:3456} INFO - Setting next_dagrun for example_task_group to 2023-04-08T10:32:24.936554+00:00, run_after=2023-04-09T10:32:24.936554+00:00
[2023-04-09T10:32:24.969+0000] {processor.py:175} INFO - Processing /home/airflow/.local/lib/python3.7/site-packages/airflow/example_dags/example_task_group.py took 0.126 seconds
[2023-04-09T10:32:55.166+0000] {processor.py:153} INFO - Started process (PID=285) to work on /home/airflow/.local/lib/python3.7/site-packages/airflow/example_dags/example_task_group.py
[2023-04-09T10:32:55.167+0000] {processor.py:743} INFO - Processing file /home/airflow/.local/lib/python3.7/site-packages/airflow/example_dags/example_task_group.py for tasks to queue
[2023-04-09T10:32:55.169+0000] {logging_mixin.py:137} INFO - [2023-04-09T10:32:55.168+0000] {dagbag.py:532} INFO - Filling up the DagBag from /home/airflow/.local/lib/python3.7/site-packages/airflow/example_dags/example_task_group.py
[2023-04-09T10:32:55.188+0000] {processor.py:753} INFO - DAG(s) dict_keys(['example_task_group']) retrieved from /home/airflow/.local/lib/python3.7/site-packages/airflow/example_dags/example_task_group.py
[2023-04-09T10:32:55.225+0000] {logging_mixin.py:137} INFO - [2023-04-09T10:32:55.224+0000] {dag.py:2705} INFO - Sync 1 DAGs
[2023-04-09T10:32:55.254+0000] {logging_mixin.py:137} INFO - [2023-04-09T10:32:55.254+0000] {dag.py:3456} INFO - Setting next_dagrun for example_task_group to 2023-04-08T10:32:55.254382+00:00, run_after=2023-04-09T10:32:55.254382+00:00
[2023-04-09T10:32:55.286+0000] {processor.py:175} INFO - Processing /home/airflow/.local/lib/python3.7/site-packages/airflow/example_dags/example_task_group.py took 0.126 seconds
