[2023-04-09T10:30:31.098+0000] {processor.py:153} INFO - Started process (PID=62) to work on /home/airflow/.local/lib/python3.7/site-packages/airflow/example_dags/example_branch_python_dop_operator_3.py
[2023-04-09T10:30:31.120+0000] {processor.py:743} INFO - Processing file /home/airflow/.local/lib/python3.7/site-packages/airflow/example_dags/example_branch_python_dop_operator_3.py for tasks to queue
[2023-04-09T10:30:31.130+0000] {logging_mixin.py:137} INFO - [2023-04-09T10:30:31.130+0000] {dagbag.py:532} INFO - Filling up the DagBag from /home/airflow/.local/lib/python3.7/site-packages/airflow/example_dags/example_branch_python_dop_operator_3.py
[2023-04-09T10:30:31.367+0000] {processor.py:753} INFO - DAG(s) dict_keys(['example_branch_dop_operator_v3']) retrieved from /home/airflow/.local/lib/python3.7/site-packages/airflow/example_dags/example_branch_python_dop_operator_3.py
[2023-04-09T10:30:31.678+0000] {logging_mixin.py:137} INFO - [2023-04-09T10:30:31.678+0000] {dag.py:2705} INFO - Sync 1 DAGs
[2023-04-09T10:30:31.956+0000] {logging_mixin.py:137} INFO - [2023-04-09T10:30:31.956+0000] {dag.py:3456} INFO - Setting next_dagrun for example_branch_dop_operator_v3 to 2023-04-09T10:29:00+00:00, run_after=2023-04-09T10:30:00+00:00
[2023-04-09T10:30:32.231+0000] {processor.py:175} INFO - Processing /home/airflow/.local/lib/python3.7/site-packages/airflow/example_dags/example_branch_python_dop_operator_3.py took 1.183 seconds
[2023-04-09T10:31:02.954+0000] {processor.py:153} INFO - Started process (PID=118) to work on /home/airflow/.local/lib/python3.7/site-packages/airflow/example_dags/example_branch_python_dop_operator_3.py
[2023-04-09T10:31:02.955+0000] {processor.py:743} INFO - Processing file /home/airflow/.local/lib/python3.7/site-packages/airflow/example_dags/example_branch_python_dop_operator_3.py for tasks to queue
[2023-04-09T10:31:02.956+0000] {logging_mixin.py:137} INFO - [2023-04-09T10:31:02.956+0000] {dagbag.py:532} INFO - Filling up the DagBag from /home/airflow/.local/lib/python3.7/site-packages/airflow/example_dags/example_branch_python_dop_operator_3.py
[2023-04-09T10:31:02.986+0000] {processor.py:753} INFO - DAG(s) dict_keys(['example_branch_dop_operator_v3']) retrieved from /home/airflow/.local/lib/python3.7/site-packages/airflow/example_dags/example_branch_python_dop_operator_3.py
[2023-04-09T10:31:03.019+0000] {logging_mixin.py:137} INFO - [2023-04-09T10:31:03.019+0000] {dag.py:2705} INFO - Sync 1 DAGs
[2023-04-09T10:31:03.051+0000] {logging_mixin.py:137} INFO - [2023-04-09T10:31:03.051+0000] {dag.py:3456} INFO - Setting next_dagrun for example_branch_dop_operator_v3 to 2023-04-09T10:30:00+00:00, run_after=2023-04-09T10:31:00+00:00
[2023-04-09T10:31:03.076+0000] {processor.py:175} INFO - Processing /home/airflow/.local/lib/python3.7/site-packages/airflow/example_dags/example_branch_python_dop_operator_3.py took 0.127 seconds
[2023-04-09T10:31:33.163+0000] {processor.py:153} INFO - Started process (PID=167) to work on /home/airflow/.local/lib/python3.7/site-packages/airflow/example_dags/example_branch_python_dop_operator_3.py
[2023-04-09T10:31:33.167+0000] {processor.py:743} INFO - Processing file /home/airflow/.local/lib/python3.7/site-packages/airflow/example_dags/example_branch_python_dop_operator_3.py for tasks to queue
[2023-04-09T10:31:33.169+0000] {logging_mixin.py:137} INFO - [2023-04-09T10:31:33.169+0000] {dagbag.py:532} INFO - Filling up the DagBag from /home/airflow/.local/lib/python3.7/site-packages/airflow/example_dags/example_branch_python_dop_operator_3.py
[2023-04-09T10:31:33.198+0000] {processor.py:753} INFO - DAG(s) dict_keys(['example_branch_dop_operator_v3']) retrieved from /home/airflow/.local/lib/python3.7/site-packages/airflow/example_dags/example_branch_python_dop_operator_3.py
[2023-04-09T10:31:33.232+0000] {logging_mixin.py:137} INFO - [2023-04-09T10:31:33.232+0000] {dag.py:2705} INFO - Sync 1 DAGs
[2023-04-09T10:31:33.263+0000] {logging_mixin.py:137} INFO - [2023-04-09T10:31:33.263+0000] {dag.py:3456} INFO - Setting next_dagrun for example_branch_dop_operator_v3 to 2023-04-09T10:30:00+00:00, run_after=2023-04-09T10:31:00+00:00
[2023-04-09T10:31:33.288+0000] {processor.py:175} INFO - Processing /home/airflow/.local/lib/python3.7/site-packages/airflow/example_dags/example_branch_python_dop_operator_3.py took 0.131 seconds
[2023-04-09T10:32:03.853+0000] {processor.py:153} INFO - Started process (PID=217) to work on /home/airflow/.local/lib/python3.7/site-packages/airflow/example_dags/example_branch_python_dop_operator_3.py
[2023-04-09T10:32:03.854+0000] {processor.py:743} INFO - Processing file /home/airflow/.local/lib/python3.7/site-packages/airflow/example_dags/example_branch_python_dop_operator_3.py for tasks to queue
[2023-04-09T10:32:03.855+0000] {logging_mixin.py:137} INFO - [2023-04-09T10:32:03.855+0000] {dagbag.py:532} INFO - Filling up the DagBag from /home/airflow/.local/lib/python3.7/site-packages/airflow/example_dags/example_branch_python_dop_operator_3.py
[2023-04-09T10:32:03.897+0000] {processor.py:753} INFO - DAG(s) dict_keys(['example_branch_dop_operator_v3']) retrieved from /home/airflow/.local/lib/python3.7/site-packages/airflow/example_dags/example_branch_python_dop_operator_3.py
[2023-04-09T10:32:03.946+0000] {logging_mixin.py:137} INFO - [2023-04-09T10:32:03.946+0000] {dag.py:2705} INFO - Sync 1 DAGs
[2023-04-09T10:32:03.985+0000] {logging_mixin.py:137} INFO - [2023-04-09T10:32:03.985+0000] {dag.py:3456} INFO - Setting next_dagrun for example_branch_dop_operator_v3 to 2023-04-09T10:31:00+00:00, run_after=2023-04-09T10:32:00+00:00
[2023-04-09T10:32:04.015+0000] {processor.py:175} INFO - Processing /home/airflow/.local/lib/python3.7/site-packages/airflow/example_dags/example_branch_python_dop_operator_3.py took 0.168 seconds
[2023-04-09T10:32:34.713+0000] {processor.py:153} INFO - Started process (PID=267) to work on /home/airflow/.local/lib/python3.7/site-packages/airflow/example_dags/example_branch_python_dop_operator_3.py
[2023-04-09T10:32:34.714+0000] {processor.py:743} INFO - Processing file /home/airflow/.local/lib/python3.7/site-packages/airflow/example_dags/example_branch_python_dop_operator_3.py for tasks to queue
[2023-04-09T10:32:34.717+0000] {logging_mixin.py:137} INFO - [2023-04-09T10:32:34.717+0000] {dagbag.py:532} INFO - Filling up the DagBag from /home/airflow/.local/lib/python3.7/site-packages/airflow/example_dags/example_branch_python_dop_operator_3.py
[2023-04-09T10:32:34.756+0000] {processor.py:753} INFO - DAG(s) dict_keys(['example_branch_dop_operator_v3']) retrieved from /home/airflow/.local/lib/python3.7/site-packages/airflow/example_dags/example_branch_python_dop_operator_3.py
[2023-04-09T10:32:34.793+0000] {logging_mixin.py:137} INFO - [2023-04-09T10:32:34.793+0000] {dag.py:2705} INFO - Sync 1 DAGs
[2023-04-09T10:32:34.829+0000] {logging_mixin.py:137} INFO - [2023-04-09T10:32:34.829+0000] {dag.py:3456} INFO - Setting next_dagrun for example_branch_dop_operator_v3 to 2023-04-09T10:31:00+00:00, run_after=2023-04-09T10:32:00+00:00
[2023-04-09T10:32:34.857+0000] {processor.py:175} INFO - Processing /home/airflow/.local/lib/python3.7/site-packages/airflow/example_dags/example_branch_python_dop_operator_3.py took 0.149 seconds
[2023-04-09T10:33:05.106+0000] {processor.py:153} INFO - Started process (PID=316) to work on /home/airflow/.local/lib/python3.7/site-packages/airflow/example_dags/example_branch_python_dop_operator_3.py
[2023-04-09T10:33:05.108+0000] {processor.py:743} INFO - Processing file /home/airflow/.local/lib/python3.7/site-packages/airflow/example_dags/example_branch_python_dop_operator_3.py for tasks to queue
[2023-04-09T10:33:05.110+0000] {logging_mixin.py:137} INFO - [2023-04-09T10:33:05.109+0000] {dagbag.py:532} INFO - Filling up the DagBag from /home/airflow/.local/lib/python3.7/site-packages/airflow/example_dags/example_branch_python_dop_operator_3.py
[2023-04-09T10:33:05.144+0000] {processor.py:753} INFO - DAG(s) dict_keys(['example_branch_dop_operator_v3']) retrieved from /home/airflow/.local/lib/python3.7/site-packages/airflow/example_dags/example_branch_python_dop_operator_3.py
[2023-04-09T10:33:05.180+0000] {logging_mixin.py:137} INFO - [2023-04-09T10:33:05.180+0000] {dag.py:2705} INFO - Sync 1 DAGs
[2023-04-09T10:33:05.229+0000] {logging_mixin.py:137} INFO - [2023-04-09T10:33:05.228+0000] {dag.py:3456} INFO - Setting next_dagrun for example_branch_dop_operator_v3 to 2023-04-09T10:32:00+00:00, run_after=2023-04-09T10:33:00+00:00
[2023-04-09T10:33:05.280+0000] {processor.py:175} INFO - Processing /home/airflow/.local/lib/python3.7/site-packages/airflow/example_dags/example_branch_python_dop_operator_3.py took 0.179 seconds
