[2023-04-09T10:30:25.253+0000] {processor.py:153} INFO - Started process (PID=44) to work on /home/airflow/.local/lib/python3.7/site-packages/airflow/example_dags/example_trigger_target_dag.py
[2023-04-09T10:30:25.270+0000] {processor.py:743} INFO - Processing file /home/airflow/.local/lib/python3.7/site-packages/airflow/example_dags/example_trigger_target_dag.py for tasks to queue
[2023-04-09T10:30:25.271+0000] {logging_mixin.py:137} INFO - [2023-04-09T10:30:25.271+0000] {dagbag.py:532} INFO - Filling up the DagBag from /home/airflow/.local/lib/python3.7/site-packages/airflow/example_dags/example_trigger_target_dag.py
[2023-04-09T10:30:25.354+0000] {processor.py:753} INFO - DAG(s) dict_keys(['example_trigger_target_dag']) retrieved from /home/airflow/.local/lib/python3.7/site-packages/airflow/example_dags/example_trigger_target_dag.py
[2023-04-09T10:30:25.469+0000] {logging_mixin.py:137} INFO - [2023-04-09T10:30:25.469+0000] {dag.py:2705} INFO - Sync 1 DAGs
[2023-04-09T10:30:25.611+0000] {logging_mixin.py:137} INFO - [2023-04-09T10:30:25.610+0000] {dag.py:3456} INFO - Setting next_dagrun for example_trigger_target_dag to None, run_after=None
[2023-04-09T10:30:25.699+0000] {processor.py:175} INFO - Processing /home/airflow/.local/lib/python3.7/site-packages/airflow/example_dags/example_trigger_target_dag.py took 0.449 seconds
[2023-04-09T10:30:56.044+0000] {processor.py:153} INFO - Started process (PID=94) to work on /home/airflow/.local/lib/python3.7/site-packages/airflow/example_dags/example_trigger_target_dag.py
[2023-04-09T10:30:56.045+0000] {processor.py:743} INFO - Processing file /home/airflow/.local/lib/python3.7/site-packages/airflow/example_dags/example_trigger_target_dag.py for tasks to queue
[2023-04-09T10:30:56.048+0000] {logging_mixin.py:137} INFO - [2023-04-09T10:30:56.048+0000] {dagbag.py:532} INFO - Filling up the DagBag from /home/airflow/.local/lib/python3.7/site-packages/airflow/example_dags/example_trigger_target_dag.py
[2023-04-09T10:30:56.094+0000] {processor.py:753} INFO - DAG(s) dict_keys(['example_trigger_target_dag']) retrieved from /home/airflow/.local/lib/python3.7/site-packages/airflow/example_dags/example_trigger_target_dag.py
[2023-04-09T10:30:56.149+0000] {logging_mixin.py:137} INFO - [2023-04-09T10:30:56.149+0000] {dag.py:2705} INFO - Sync 1 DAGs
[2023-04-09T10:30:56.232+0000] {logging_mixin.py:137} INFO - [2023-04-09T10:30:56.232+0000] {dag.py:3456} INFO - Setting next_dagrun for example_trigger_target_dag to None, run_after=None
[2023-04-09T10:30:56.275+0000] {processor.py:175} INFO - Processing /home/airflow/.local/lib/python3.7/site-packages/airflow/example_dags/example_trigger_target_dag.py took 0.236 seconds
[2023-04-09T10:31:26.683+0000] {processor.py:153} INFO - Started process (PID=143) to work on /home/airflow/.local/lib/python3.7/site-packages/airflow/example_dags/example_trigger_target_dag.py
[2023-04-09T10:31:26.684+0000] {processor.py:743} INFO - Processing file /home/airflow/.local/lib/python3.7/site-packages/airflow/example_dags/example_trigger_target_dag.py for tasks to queue
[2023-04-09T10:31:26.686+0000] {logging_mixin.py:137} INFO - [2023-04-09T10:31:26.686+0000] {dagbag.py:532} INFO - Filling up the DagBag from /home/airflow/.local/lib/python3.7/site-packages/airflow/example_dags/example_trigger_target_dag.py
[2023-04-09T10:31:26.712+0000] {processor.py:753} INFO - DAG(s) dict_keys(['example_trigger_target_dag']) retrieved from /home/airflow/.local/lib/python3.7/site-packages/airflow/example_dags/example_trigger_target_dag.py
[2023-04-09T10:31:26.745+0000] {logging_mixin.py:137} INFO - [2023-04-09T10:31:26.744+0000] {dag.py:2705} INFO - Sync 1 DAGs
[2023-04-09T10:31:26.772+0000] {logging_mixin.py:137} INFO - [2023-04-09T10:31:26.772+0000] {dag.py:3456} INFO - Setting next_dagrun for example_trigger_target_dag to None, run_after=None
[2023-04-09T10:31:26.796+0000] {processor.py:175} INFO - Processing /home/airflow/.local/lib/python3.7/site-packages/airflow/example_dags/example_trigger_target_dag.py took 0.117 seconds
