[2023-04-09T10:30:24.039+0000] {processor.py:153} INFO - Started process (PID=40) to work on /home/airflow/.local/lib/python3.7/site-packages/airflow/example_dags/example_sla_dag.py
[2023-04-09T10:30:24.064+0000] {processor.py:743} INFO - Processing file /home/airflow/.local/lib/python3.7/site-packages/airflow/example_dags/example_sla_dag.py for tasks to queue
[2023-04-09T10:30:24.068+0000] {logging_mixin.py:137} INFO - [2023-04-09T10:30:24.067+0000] {dagbag.py:532} INFO - Filling up the DagBag from /home/airflow/.local/lib/python3.7/site-packages/airflow/example_dags/example_sla_dag.py
[2023-04-09T10:30:24.137+0000] {processor.py:753} INFO - DAG(s) dict_keys(['example_sla_dag']) retrieved from /home/airflow/.local/lib/python3.7/site-packages/airflow/example_dags/example_sla_dag.py
[2023-04-09T10:30:24.290+0000] {logging_mixin.py:137} INFO - [2023-04-09T10:30:24.290+0000] {dag.py:2705} INFO - Sync 1 DAGs
[2023-04-09T10:30:24.421+0000] {logging_mixin.py:137} INFO - [2023-04-09T10:30:24.421+0000] {dag.py:3456} INFO - Setting next_dagrun for example_sla_dag to 2023-04-09T10:28:00+00:00, run_after=2023-04-09T10:30:00+00:00
[2023-04-09T10:30:24.510+0000] {processor.py:175} INFO - Processing /home/airflow/.local/lib/python3.7/site-packages/airflow/example_dags/example_sla_dag.py took 0.493 seconds
[2023-04-09T10:30:55.204+0000] {processor.py:153} INFO - Started process (PID=90) to work on /home/airflow/.local/lib/python3.7/site-packages/airflow/example_dags/example_sla_dag.py
[2023-04-09T10:30:55.232+0000] {processor.py:743} INFO - Processing file /home/airflow/.local/lib/python3.7/site-packages/airflow/example_dags/example_sla_dag.py for tasks to queue
[2023-04-09T10:30:55.239+0000] {logging_mixin.py:137} INFO - [2023-04-09T10:30:55.237+0000] {dagbag.py:532} INFO - Filling up the DagBag from /home/airflow/.local/lib/python3.7/site-packages/airflow/example_dags/example_sla_dag.py
[2023-04-09T10:30:55.329+0000] {processor.py:753} INFO - DAG(s) dict_keys(['example_sla_dag']) retrieved from /home/airflow/.local/lib/python3.7/site-packages/airflow/example_dags/example_sla_dag.py
[2023-04-09T10:30:55.499+0000] {logging_mixin.py:137} INFO - [2023-04-09T10:30:55.499+0000] {dag.py:2705} INFO - Sync 1 DAGs
[2023-04-09T10:30:55.565+0000] {logging_mixin.py:137} INFO - [2023-04-09T10:30:55.565+0000] {dag.py:3456} INFO - Setting next_dagrun for example_sla_dag to 2023-04-09T10:28:00+00:00, run_after=2023-04-09T10:30:00+00:00
[2023-04-09T10:30:55.634+0000] {processor.py:175} INFO - Processing /home/airflow/.local/lib/python3.7/site-packages/airflow/example_dags/example_sla_dag.py took 0.435 seconds
[2023-04-09T10:31:26.384+0000] {processor.py:153} INFO - Started process (PID=139) to work on /home/airflow/.local/lib/python3.7/site-packages/airflow/example_dags/example_sla_dag.py
[2023-04-09T10:31:26.386+0000] {processor.py:743} INFO - Processing file /home/airflow/.local/lib/python3.7/site-packages/airflow/example_dags/example_sla_dag.py for tasks to queue
[2023-04-09T10:31:26.388+0000] {logging_mixin.py:137} INFO - [2023-04-09T10:31:26.387+0000] {dagbag.py:532} INFO - Filling up the DagBag from /home/airflow/.local/lib/python3.7/site-packages/airflow/example_dags/example_sla_dag.py
[2023-04-09T10:31:26.414+0000] {processor.py:753} INFO - DAG(s) dict_keys(['example_sla_dag']) retrieved from /home/airflow/.local/lib/python3.7/site-packages/airflow/example_dags/example_sla_dag.py
[2023-04-09T10:31:26.456+0000] {logging_mixin.py:137} INFO - [2023-04-09T10:31:26.455+0000] {dag.py:2705} INFO - Sync 1 DAGs
[2023-04-09T10:31:26.485+0000] {logging_mixin.py:137} INFO - [2023-04-09T10:31:26.485+0000] {dag.py:3456} INFO - Setting next_dagrun for example_sla_dag to 2023-04-09T10:28:00+00:00, run_after=2023-04-09T10:30:00+00:00
[2023-04-09T10:31:26.510+0000] {processor.py:175} INFO - Processing /home/airflow/.local/lib/python3.7/site-packages/airflow/example_dags/example_sla_dag.py took 0.130 seconds
