[2023-04-09T10:30:23.085+0000] {processor.py:153} INFO - Started process (PID=38) to work on /home/airflow/.local/lib/python3.7/site-packages/airflow/example_dags/example_python_operator.py
[2023-04-09T10:30:23.087+0000] {processor.py:743} INFO - Processing file /home/airflow/.local/lib/python3.7/site-packages/airflow/example_dags/example_python_operator.py for tasks to queue
[2023-04-09T10:30:23.091+0000] {logging_mixin.py:137} INFO - [2023-04-09T10:30:23.090+0000] {dagbag.py:532} INFO - Filling up the DagBag from /home/airflow/.local/lib/python3.7/site-packages/airflow/example_dags/example_python_operator.py
[2023-04-09T10:30:23.154+0000] {logging_mixin.py:137} INFO - [2023-04-09T10:30:23.154+0000] {taskmixin.py:211} WARNING - Dependency <Task(_PythonDecoratedOperator): print_the_context>, log_sql_query already registered for DAG: example_python_operator
[2023-04-09T10:30:23.169+0000] {logging_mixin.py:137} INFO - [2023-04-09T10:30:23.169+0000] {taskmixin.py:211} WARNING - Dependency <Task(_PythonDecoratedOperator): log_sql_query>, print_the_context already registered for DAG: example_python_operator
[2023-04-09T10:30:23.171+0000] {logging_mixin.py:137} INFO - [2023-04-09T10:30:23.171+0000] {taskmixin.py:211} WARNING - Dependency <Task(_PythonDecoratedOperator): print_the_context>, log_sql_query already registered for DAG: example_python_operator
[2023-04-09T10:30:23.172+0000] {logging_mixin.py:137} INFO - [2023-04-09T10:30:23.172+0000] {taskmixin.py:211} WARNING - Dependency <Task(_PythonDecoratedOperator): log_sql_query>, print_the_context already registered for DAG: example_python_operator
[2023-04-09T10:30:23.179+0000] {logging_mixin.py:137} INFO - [2023-04-09T10:30:23.179+0000] {taskmixin.py:211} WARNING - Dependency <Task(_PythonDecoratedOperator): print_the_context>, log_sql_query already registered for DAG: example_python_operator
[2023-04-09T10:30:23.180+0000] {logging_mixin.py:137} INFO - [2023-04-09T10:30:23.180+0000] {taskmixin.py:211} WARNING - Dependency <Task(_PythonDecoratedOperator): log_sql_query>, print_the_context already registered for DAG: example_python_operator
[2023-04-09T10:30:23.181+0000] {logging_mixin.py:137} INFO - [2023-04-09T10:30:23.181+0000] {taskmixin.py:211} WARNING - Dependency <Task(_PythonDecoratedOperator): print_the_context>, log_sql_query already registered for DAG: example_python_operator
[2023-04-09T10:30:23.190+0000] {logging_mixin.py:137} INFO - [2023-04-09T10:30:23.190+0000] {taskmixin.py:211} WARNING - Dependency <Task(_PythonDecoratedOperator): log_sql_query>, print_the_context already registered for DAG: example_python_operator
[2023-04-09T10:30:23.231+0000] {processor.py:753} INFO - DAG(s) dict_keys(['example_python_operator']) retrieved from /home/airflow/.local/lib/python3.7/site-packages/airflow/example_dags/example_python_operator.py
[2023-04-09T10:30:23.732+0000] {logging_mixin.py:137} INFO - [2023-04-09T10:30:23.732+0000] {dag.py:2705} INFO - Sync 1 DAGs
[2023-04-09T10:30:23.819+0000] {logging_mixin.py:137} INFO - [2023-04-09T10:30:23.819+0000] {dag.py:3456} INFO - Setting next_dagrun for example_python_operator to None, run_after=None
[2023-04-09T10:30:23.918+0000] {processor.py:175} INFO - Processing /home/airflow/.local/lib/python3.7/site-packages/airflow/example_dags/example_python_operator.py took 0.837 seconds
[2023-04-09T10:30:54.873+0000] {processor.py:153} INFO - Started process (PID=88) to work on /home/airflow/.local/lib/python3.7/site-packages/airflow/example_dags/example_python_operator.py
[2023-04-09T10:30:54.879+0000] {processor.py:743} INFO - Processing file /home/airflow/.local/lib/python3.7/site-packages/airflow/example_dags/example_python_operator.py for tasks to queue
[2023-04-09T10:30:54.881+0000] {logging_mixin.py:137} INFO - [2023-04-09T10:30:54.880+0000] {dagbag.py:532} INFO - Filling up the DagBag from /home/airflow/.local/lib/python3.7/site-packages/airflow/example_dags/example_python_operator.py
[2023-04-09T10:30:54.926+0000] {logging_mixin.py:137} INFO - [2023-04-09T10:30:54.926+0000] {taskmixin.py:211} WARNING - Dependency <Task(_PythonDecoratedOperator): print_the_context>, log_sql_query already registered for DAG: example_python_operator
[2023-04-09T10:30:54.940+0000] {logging_mixin.py:137} INFO - [2023-04-09T10:30:54.940+0000] {taskmixin.py:211} WARNING - Dependency <Task(_PythonDecoratedOperator): log_sql_query>, print_the_context already registered for DAG: example_python_operator
[2023-04-09T10:30:54.942+0000] {logging_mixin.py:137} INFO - [2023-04-09T10:30:54.942+0000] {taskmixin.py:211} WARNING - Dependency <Task(_PythonDecoratedOperator): print_the_context>, log_sql_query already registered for DAG: example_python_operator
[2023-04-09T10:30:54.942+0000] {logging_mixin.py:137} INFO - [2023-04-09T10:30:54.942+0000] {taskmixin.py:211} WARNING - Dependency <Task(_PythonDecoratedOperator): log_sql_query>, print_the_context already registered for DAG: example_python_operator
[2023-04-09T10:30:54.944+0000] {logging_mixin.py:137} INFO - [2023-04-09T10:30:54.944+0000] {taskmixin.py:211} WARNING - Dependency <Task(_PythonDecoratedOperator): print_the_context>, log_sql_query already registered for DAG: example_python_operator
[2023-04-09T10:30:54.945+0000] {logging_mixin.py:137} INFO - [2023-04-09T10:30:54.944+0000] {taskmixin.py:211} WARNING - Dependency <Task(_PythonDecoratedOperator): log_sql_query>, print_the_context already registered for DAG: example_python_operator
[2023-04-09T10:30:54.946+0000] {logging_mixin.py:137} INFO - [2023-04-09T10:30:54.946+0000] {taskmixin.py:211} WARNING - Dependency <Task(_PythonDecoratedOperator): print_the_context>, log_sql_query already registered for DAG: example_python_operator
[2023-04-09T10:30:54.947+0000] {logging_mixin.py:137} INFO - [2023-04-09T10:30:54.946+0000] {taskmixin.py:211} WARNING - Dependency <Task(_PythonDecoratedOperator): log_sql_query>, print_the_context already registered for DAG: example_python_operator
[2023-04-09T10:30:54.963+0000] {processor.py:753} INFO - DAG(s) dict_keys(['example_python_operator']) retrieved from /home/airflow/.local/lib/python3.7/site-packages/airflow/example_dags/example_python_operator.py
[2023-04-09T10:30:55.031+0000] {logging_mixin.py:137} INFO - [2023-04-09T10:30:55.031+0000] {dag.py:2705} INFO - Sync 1 DAGs
[2023-04-09T10:30:55.081+0000] {logging_mixin.py:137} INFO - [2023-04-09T10:30:55.081+0000] {dag.py:3456} INFO - Setting next_dagrun for example_python_operator to None, run_after=None
[2023-04-09T10:30:55.181+0000] {processor.py:175} INFO - Processing /home/airflow/.local/lib/python3.7/site-packages/airflow/example_dags/example_python_operator.py took 0.311 seconds
[2023-04-09T10:31:25.356+0000] {processor.py:153} INFO - Started process (PID=138) to work on /home/airflow/.local/lib/python3.7/site-packages/airflow/example_dags/example_python_operator.py
[2023-04-09T10:31:25.357+0000] {processor.py:743} INFO - Processing file /home/airflow/.local/lib/python3.7/site-packages/airflow/example_dags/example_python_operator.py for tasks to queue
[2023-04-09T10:31:25.358+0000] {logging_mixin.py:137} INFO - [2023-04-09T10:31:25.358+0000] {dagbag.py:532} INFO - Filling up the DagBag from /home/airflow/.local/lib/python3.7/site-packages/airflow/example_dags/example_python_operator.py
[2023-04-09T10:31:25.379+0000] {logging_mixin.py:137} INFO - [2023-04-09T10:31:25.379+0000] {taskmixin.py:211} WARNING - Dependency <Task(_PythonDecoratedOperator): print_the_context>, log_sql_query already registered for DAG: example_python_operator
[2023-04-09T10:31:25.380+0000] {logging_mixin.py:137} INFO - [2023-04-09T10:31:25.379+0000] {taskmixin.py:211} WARNING - Dependency <Task(_PythonDecoratedOperator): log_sql_query>, print_the_context already registered for DAG: example_python_operator
[2023-04-09T10:31:25.381+0000] {logging_mixin.py:137} INFO - [2023-04-09T10:31:25.381+0000] {taskmixin.py:211} WARNING - Dependency <Task(_PythonDecoratedOperator): print_the_context>, log_sql_query already registered for DAG: example_python_operator
[2023-04-09T10:31:25.382+0000] {logging_mixin.py:137} INFO - [2023-04-09T10:31:25.382+0000] {taskmixin.py:211} WARNING - Dependency <Task(_PythonDecoratedOperator): log_sql_query>, print_the_context already registered for DAG: example_python_operator
[2023-04-09T10:31:25.383+0000] {logging_mixin.py:137} INFO - [2023-04-09T10:31:25.383+0000] {taskmixin.py:211} WARNING - Dependency <Task(_PythonDecoratedOperator): print_the_context>, log_sql_query already registered for DAG: example_python_operator
[2023-04-09T10:31:25.384+0000] {logging_mixin.py:137} INFO - [2023-04-09T10:31:25.383+0000] {taskmixin.py:211} WARNING - Dependency <Task(_PythonDecoratedOperator): log_sql_query>, print_the_context already registered for DAG: example_python_operator
[2023-04-09T10:31:25.385+0000] {logging_mixin.py:137} INFO - [2023-04-09T10:31:25.385+0000] {taskmixin.py:211} WARNING - Dependency <Task(_PythonDecoratedOperator): print_the_context>, log_sql_query already registered for DAG: example_python_operator
[2023-04-09T10:31:25.386+0000] {logging_mixin.py:137} INFO - [2023-04-09T10:31:25.386+0000] {taskmixin.py:211} WARNING - Dependency <Task(_PythonDecoratedOperator): log_sql_query>, print_the_context already registered for DAG: example_python_operator
[2023-04-09T10:31:25.394+0000] {processor.py:753} INFO - DAG(s) dict_keys(['example_python_operator']) retrieved from /home/airflow/.local/lib/python3.7/site-packages/airflow/example_dags/example_python_operator.py
[2023-04-09T10:31:25.436+0000] {logging_mixin.py:137} INFO - [2023-04-09T10:31:25.435+0000] {dag.py:2705} INFO - Sync 1 DAGs
[2023-04-09T10:31:25.462+0000] {logging_mixin.py:137} INFO - [2023-04-09T10:31:25.462+0000] {dag.py:3456} INFO - Setting next_dagrun for example_python_operator to None, run_after=None
[2023-04-09T10:31:25.494+0000] {processor.py:175} INFO - Processing /home/airflow/.local/lib/python3.7/site-packages/airflow/example_dags/example_python_operator.py took 0.143 seconds
