[2023-04-09T10:30:22.233+0000] {processor.py:153} INFO - Started process (PID=36) to work on /home/airflow/.local/lib/python3.7/site-packages/airflow/example_dags/example_branch_labels.py
[2023-04-09T10:30:22.252+0000] {processor.py:743} INFO - Processing file /home/airflow/.local/lib/python3.7/site-packages/airflow/example_dags/example_branch_labels.py for tasks to queue
[2023-04-09T10:30:22.254+0000] {logging_mixin.py:137} INFO - [2023-04-09T10:30:22.253+0000] {dagbag.py:532} INFO - Filling up the DagBag from /home/airflow/.local/lib/python3.7/site-packages/airflow/example_dags/example_branch_labels.py
[2023-04-09T10:30:22.307+0000] {processor.py:753} INFO - DAG(s) dict_keys(['example_branch_labels']) retrieved from /home/airflow/.local/lib/python3.7/site-packages/airflow/example_dags/example_branch_labels.py
[2023-04-09T10:30:22.389+0000] {logging_mixin.py:137} INFO - [2023-04-09T10:30:22.389+0000] {dag.py:2705} INFO - Sync 1 DAGs
[2023-04-09T10:30:22.494+0000] {logging_mixin.py:137} INFO - [2023-04-09T10:30:22.494+0000] {dag.py:3456} INFO - Setting next_dagrun for example_branch_labels to 2023-04-08T00:00:00+00:00, run_after=2023-04-09T00:00:00+00:00
[2023-04-09T10:30:22.547+0000] {processor.py:175} INFO - Processing /home/airflow/.local/lib/python3.7/site-packages/airflow/example_dags/example_branch_labels.py took 0.318 seconds
[2023-04-09T10:30:52.632+0000] {processor.py:153} INFO - Started process (PID=85) to work on /home/airflow/.local/lib/python3.7/site-packages/airflow/example_dags/example_branch_labels.py
[2023-04-09T10:30:52.634+0000] {processor.py:743} INFO - Processing file /home/airflow/.local/lib/python3.7/site-packages/airflow/example_dags/example_branch_labels.py for tasks to queue
[2023-04-09T10:30:52.636+0000] {logging_mixin.py:137} INFO - [2023-04-09T10:30:52.635+0000] {dagbag.py:532} INFO - Filling up the DagBag from /home/airflow/.local/lib/python3.7/site-packages/airflow/example_dags/example_branch_labels.py
[2023-04-09T10:30:52.658+0000] {processor.py:753} INFO - DAG(s) dict_keys(['example_branch_labels']) retrieved from /home/airflow/.local/lib/python3.7/site-packages/airflow/example_dags/example_branch_labels.py
[2023-04-09T10:30:52.691+0000] {logging_mixin.py:137} INFO - [2023-04-09T10:30:52.691+0000] {dag.py:2705} INFO - Sync 1 DAGs
[2023-04-09T10:30:52.717+0000] {logging_mixin.py:137} INFO - [2023-04-09T10:30:52.717+0000] {dag.py:3456} INFO - Setting next_dagrun for example_branch_labels to 2023-04-08T00:00:00+00:00, run_after=2023-04-09T00:00:00+00:00
[2023-04-09T10:30:52.743+0000] {processor.py:175} INFO - Processing /home/airflow/.local/lib/python3.7/site-packages/airflow/example_dags/example_branch_labels.py took 0.115 seconds
[2023-04-09T10:31:22.927+0000] {processor.py:153} INFO - Started process (PID=134) to work on /home/airflow/.local/lib/python3.7/site-packages/airflow/example_dags/example_branch_labels.py
[2023-04-09T10:31:22.929+0000] {processor.py:743} INFO - Processing file /home/airflow/.local/lib/python3.7/site-packages/airflow/example_dags/example_branch_labels.py for tasks to queue
[2023-04-09T10:31:22.930+0000] {logging_mixin.py:137} INFO - [2023-04-09T10:31:22.930+0000] {dagbag.py:532} INFO - Filling up the DagBag from /home/airflow/.local/lib/python3.7/site-packages/airflow/example_dags/example_branch_labels.py
[2023-04-09T10:31:22.946+0000] {processor.py:753} INFO - DAG(s) dict_keys(['example_branch_labels']) retrieved from /home/airflow/.local/lib/python3.7/site-packages/airflow/example_dags/example_branch_labels.py
[2023-04-09T10:31:22.981+0000] {logging_mixin.py:137} INFO - [2023-04-09T10:31:22.981+0000] {dag.py:2705} INFO - Sync 1 DAGs
[2023-04-09T10:31:23.010+0000] {logging_mixin.py:137} INFO - [2023-04-09T10:31:23.010+0000] {dag.py:3456} INFO - Setting next_dagrun for example_branch_labels to 2023-04-08T00:00:00+00:00, run_after=2023-04-09T00:00:00+00:00
[2023-04-09T10:31:23.042+0000] {processor.py:175} INFO - Processing /home/airflow/.local/lib/python3.7/site-packages/airflow/example_dags/example_branch_labels.py took 0.119 seconds
