[2023-04-09T10:30:34.675+0000] {processor.py:153} INFO - Started process (PID=75) to work on /home/airflow/.local/lib/python3.7/site-packages/airflow/example_dags/example_params_ui_tutorial.py
[2023-04-09T10:30:34.693+0000] {processor.py:743} INFO - Processing file /home/airflow/.local/lib/python3.7/site-packages/airflow/example_dags/example_params_ui_tutorial.py for tasks to queue
[2023-04-09T10:30:34.694+0000] {logging_mixin.py:137} INFO - [2023-04-09T10:30:34.694+0000] {dagbag.py:532} INFO - Filling up the DagBag from /home/airflow/.local/lib/python3.7/site-packages/airflow/example_dags/example_params_ui_tutorial.py
[2023-04-09T10:30:34.967+0000] {processor.py:753} INFO - DAG(s) dict_keys(['example_params_ui_tutorial']) retrieved from /home/airflow/.local/lib/python3.7/site-packages/airflow/example_dags/example_params_ui_tutorial.py
[2023-04-09T10:30:35.392+0000] {logging_mixin.py:137} INFO - [2023-04-09T10:30:35.392+0000] {dag.py:2705} INFO - Sync 1 DAGs
[2023-04-09T10:30:35.496+0000] {logging_mixin.py:137} INFO - [2023-04-09T10:30:35.496+0000] {dag.py:3456} INFO - Setting next_dagrun for example_params_ui_tutorial to None, run_after=None
[2023-04-09T10:30:35.633+0000] {processor.py:175} INFO - Processing /home/airflow/.local/lib/python3.7/site-packages/airflow/example_dags/example_params_ui_tutorial.py took 1.221 seconds
[2023-04-09T10:31:06.347+0000] {processor.py:153} INFO - Started process (PID=124) to work on /home/airflow/.local/lib/python3.7/site-packages/airflow/example_dags/example_params_ui_tutorial.py
[2023-04-09T10:31:06.349+0000] {processor.py:743} INFO - Processing file /home/airflow/.local/lib/python3.7/site-packages/airflow/example_dags/example_params_ui_tutorial.py for tasks to queue
[2023-04-09T10:31:06.350+0000] {logging_mixin.py:137} INFO - [2023-04-09T10:31:06.350+0000] {dagbag.py:532} INFO - Filling up the DagBag from /home/airflow/.local/lib/python3.7/site-packages/airflow/example_dags/example_params_ui_tutorial.py
[2023-04-09T10:31:06.453+0000] {processor.py:753} INFO - DAG(s) dict_keys(['example_params_ui_tutorial']) retrieved from /home/airflow/.local/lib/python3.7/site-packages/airflow/example_dags/example_params_ui_tutorial.py
[2023-04-09T10:31:06.539+0000] {logging_mixin.py:137} INFO - [2023-04-09T10:31:06.538+0000] {dag.py:2705} INFO - Sync 1 DAGs
[2023-04-09T10:31:06.584+0000] {logging_mixin.py:137} INFO - [2023-04-09T10:31:06.584+0000] {dag.py:3456} INFO - Setting next_dagrun for example_params_ui_tutorial to None, run_after=None
[2023-04-09T10:31:06.611+0000] {processor.py:175} INFO - Processing /home/airflow/.local/lib/python3.7/site-packages/airflow/example_dags/example_params_ui_tutorial.py took 0.270 seconds
[2023-04-09T10:31:36.792+0000] {processor.py:153} INFO - Started process (PID=174) to work on /home/airflow/.local/lib/python3.7/site-packages/airflow/example_dags/example_params_ui_tutorial.py
[2023-04-09T10:31:36.793+0000] {processor.py:743} INFO - Processing file /home/airflow/.local/lib/python3.7/site-packages/airflow/example_dags/example_params_ui_tutorial.py for tasks to queue
[2023-04-09T10:31:36.795+0000] {logging_mixin.py:137} INFO - [2023-04-09T10:31:36.795+0000] {dagbag.py:532} INFO - Filling up the DagBag from /home/airflow/.local/lib/python3.7/site-packages/airflow/example_dags/example_params_ui_tutorial.py
[2023-04-09T10:31:36.871+0000] {processor.py:753} INFO - DAG(s) dict_keys(['example_params_ui_tutorial']) retrieved from /home/airflow/.local/lib/python3.7/site-packages/airflow/example_dags/example_params_ui_tutorial.py
[2023-04-09T10:31:36.943+0000] {logging_mixin.py:137} INFO - [2023-04-09T10:31:36.942+0000] {dag.py:2705} INFO - Sync 1 DAGs
[2023-04-09T10:31:36.971+0000] {logging_mixin.py:137} INFO - [2023-04-09T10:31:36.971+0000] {dag.py:3456} INFO - Setting next_dagrun for example_params_ui_tutorial to None, run_after=None
[2023-04-09T10:31:37.002+0000] {processor.py:175} INFO - Processing /home/airflow/.local/lib/python3.7/site-packages/airflow/example_dags/example_params_ui_tutorial.py took 0.214 seconds
