[2023-04-09T10:30:35.047+0000] {processor.py:153} INFO - Started process (PID=76) to work on /home/airflow/.local/lib/python3.7/site-packages/airflow/example_dags/example_subdag_operator.py
[2023-04-09T10:30:35.051+0000] {processor.py:743} INFO - Processing file /home/airflow/.local/lib/python3.7/site-packages/airflow/example_dags/example_subdag_operator.py for tasks to queue
[2023-04-09T10:30:35.074+0000] {logging_mixin.py:137} INFO - [2023-04-09T10:30:35.074+0000] {dagbag.py:532} INFO - Filling up the DagBag from /home/airflow/.local/lib/python3.7/site-packages/airflow/example_dags/example_subdag_operator.py
[2023-04-09T10:30:35.444+0000] {processor.py:753} INFO - DAG(s) dict_keys(['example_subdag_operator.section-1', 'example_subdag_operator.section-2', 'example_subdag_operator']) retrieved from /home/airflow/.local/lib/python3.7/site-packages/airflow/example_dags/example_subdag_operator.py
[2023-04-09T10:30:35.516+0000] {logging_mixin.py:137} INFO - [2023-04-09T10:30:35.515+0000] {dag.py:2705} INFO - Sync 3 DAGs
[2023-04-09T10:30:35.594+0000] {logging_mixin.py:137} INFO - [2023-04-09T10:30:35.594+0000] {dag.py:3456} INFO - Setting next_dagrun for example_subdag_operator to 2022-01-01T00:00:00+00:00, run_after=2022-01-01T00:00:00+00:00
[2023-04-09T10:30:35.612+0000] {logging_mixin.py:137} INFO - [2023-04-09T10:30:35.612+0000] {dag.py:3456} INFO - Setting next_dagrun for example_subdag_operator.section-1 to None, run_after=None
[2023-04-09T10:30:35.622+0000] {logging_mixin.py:137} INFO - [2023-04-09T10:30:35.621+0000] {dag.py:3456} INFO - Setting next_dagrun for example_subdag_operator.section-2 to None, run_after=None
[2023-04-09T10:30:35.691+0000] {logging_mixin.py:137} INFO - [2023-04-09T10:30:35.691+0000] {dag.py:2705} INFO - Sync 2 DAGs
[2023-04-09T10:30:35.742+0000] {logging_mixin.py:137} INFO - [2023-04-09T10:30:35.742+0000] {dag.py:3456} INFO - Setting next_dagrun for example_subdag_operator.section-1 to None, run_after=None
[2023-04-09T10:30:35.743+0000] {logging_mixin.py:137} INFO - [2023-04-09T10:30:35.743+0000] {dag.py:3456} INFO - Setting next_dagrun for example_subdag_operator.section-2 to None, run_after=None
[2023-04-09T10:30:35.811+0000] {processor.py:175} INFO - Processing /home/airflow/.local/lib/python3.7/site-packages/airflow/example_dags/example_subdag_operator.py took 0.771 seconds
[2023-04-09T10:31:06.360+0000] {processor.py:153} INFO - Started process (PID=125) to work on /home/airflow/.local/lib/python3.7/site-packages/airflow/example_dags/example_subdag_operator.py
[2023-04-09T10:31:06.363+0000] {processor.py:743} INFO - Processing file /home/airflow/.local/lib/python3.7/site-packages/airflow/example_dags/example_subdag_operator.py for tasks to queue
[2023-04-09T10:31:06.365+0000] {logging_mixin.py:137} INFO - [2023-04-09T10:31:06.364+0000] {dagbag.py:532} INFO - Filling up the DagBag from /home/airflow/.local/lib/python3.7/site-packages/airflow/example_dags/example_subdag_operator.py
[2023-04-09T10:31:06.411+0000] {processor.py:753} INFO - DAG(s) dict_keys(['example_subdag_operator.section-1', 'example_subdag_operator.section-2', 'example_subdag_operator']) retrieved from /home/airflow/.local/lib/python3.7/site-packages/airflow/example_dags/example_subdag_operator.py
[2023-04-09T10:31:06.437+0000] {logging_mixin.py:137} INFO - [2023-04-09T10:31:06.437+0000] {dag.py:2705} INFO - Sync 3 DAGs
[2023-04-09T10:31:06.493+0000] {logging_mixin.py:137} INFO - [2023-04-09T10:31:06.493+0000] {dag.py:3456} INFO - Setting next_dagrun for example_subdag_operator to 2022-01-01T00:00:00+00:00, run_after=2022-01-01T00:00:00+00:00
[2023-04-09T10:31:06.497+0000] {logging_mixin.py:137} INFO - [2023-04-09T10:31:06.497+0000] {dag.py:3456} INFO - Setting next_dagrun for example_subdag_operator.section-1 to None, run_after=None
[2023-04-09T10:31:06.499+0000] {logging_mixin.py:137} INFO - [2023-04-09T10:31:06.499+0000] {dag.py:3456} INFO - Setting next_dagrun for example_subdag_operator.section-2 to None, run_after=None
[2023-04-09T10:31:06.507+0000] {logging_mixin.py:137} INFO - [2023-04-09T10:31:06.507+0000] {dag.py:2705} INFO - Sync 2 DAGs
[2023-04-09T10:31:06.516+0000] {logging_mixin.py:137} INFO - [2023-04-09T10:31:06.516+0000] {dag.py:3456} INFO - Setting next_dagrun for example_subdag_operator.section-1 to None, run_after=None
[2023-04-09T10:31:06.517+0000] {logging_mixin.py:137} INFO - [2023-04-09T10:31:06.517+0000] {dag.py:3456} INFO - Setting next_dagrun for example_subdag_operator.section-2 to None, run_after=None
[2023-04-09T10:31:06.532+0000] {processor.py:175} INFO - Processing /home/airflow/.local/lib/python3.7/site-packages/airflow/example_dags/example_subdag_operator.py took 0.177 seconds
[2023-04-09T10:31:36.612+0000] {processor.py:153} INFO - Started process (PID=173) to work on /home/airflow/.local/lib/python3.7/site-packages/airflow/example_dags/example_subdag_operator.py
[2023-04-09T10:31:36.613+0000] {processor.py:743} INFO - Processing file /home/airflow/.local/lib/python3.7/site-packages/airflow/example_dags/example_subdag_operator.py for tasks to queue
[2023-04-09T10:31:36.615+0000] {logging_mixin.py:137} INFO - [2023-04-09T10:31:36.615+0000] {dagbag.py:532} INFO - Filling up the DagBag from /home/airflow/.local/lib/python3.7/site-packages/airflow/example_dags/example_subdag_operator.py
[2023-04-09T10:31:36.662+0000] {processor.py:753} INFO - DAG(s) dict_keys(['example_subdag_operator.section-1', 'example_subdag_operator.section-2', 'example_subdag_operator']) retrieved from /home/airflow/.local/lib/python3.7/site-packages/airflow/example_dags/example_subdag_operator.py
[2023-04-09T10:31:36.686+0000] {logging_mixin.py:137} INFO - [2023-04-09T10:31:36.686+0000] {dag.py:2705} INFO - Sync 3 DAGs
[2023-04-09T10:31:36.717+0000] {logging_mixin.py:137} INFO - [2023-04-09T10:31:36.717+0000] {dag.py:3456} INFO - Setting next_dagrun for example_subdag_operator to 2022-01-01T00:00:00+00:00, run_after=2022-01-01T00:00:00+00:00
[2023-04-09T10:31:36.723+0000] {logging_mixin.py:137} INFO - [2023-04-09T10:31:36.723+0000] {dag.py:3456} INFO - Setting next_dagrun for example_subdag_operator.section-1 to None, run_after=None
[2023-04-09T10:31:36.726+0000] {logging_mixin.py:137} INFO - [2023-04-09T10:31:36.726+0000] {dag.py:3456} INFO - Setting next_dagrun for example_subdag_operator.section-2 to None, run_after=None
[2023-04-09T10:31:36.737+0000] {logging_mixin.py:137} INFO - [2023-04-09T10:31:36.737+0000] {dag.py:2705} INFO - Sync 2 DAGs
[2023-04-09T10:31:36.745+0000] {logging_mixin.py:137} INFO - [2023-04-09T10:31:36.745+0000] {dag.py:3456} INFO - Setting next_dagrun for example_subdag_operator.section-1 to None, run_after=None
[2023-04-09T10:31:36.746+0000] {logging_mixin.py:137} INFO - [2023-04-09T10:31:36.746+0000] {dag.py:3456} INFO - Setting next_dagrun for example_subdag_operator.section-2 to None, run_after=None
[2023-04-09T10:31:36.765+0000] {processor.py:175} INFO - Processing /home/airflow/.local/lib/python3.7/site-packages/airflow/example_dags/example_subdag_operator.py took 0.157 seconds
