[2023-04-09T10:30:24.834+0000] {processor.py:153} INFO - Started process (PID=43) to work on /home/airflow/.local/lib/python3.7/site-packages/airflow/example_dags/tutorial_dag.py
[2023-04-09T10:30:24.840+0000] {processor.py:743} INFO - Processing file /home/airflow/.local/lib/python3.7/site-packages/airflow/example_dags/tutorial_dag.py for tasks to queue
[2023-04-09T10:30:24.859+0000] {logging_mixin.py:137} INFO - [2023-04-09T10:30:24.858+0000] {dagbag.py:532} INFO - Filling up the DagBag from /home/airflow/.local/lib/python3.7/site-packages/airflow/example_dags/tutorial_dag.py
[2023-04-09T10:30:24.927+0000] {processor.py:753} INFO - DAG(s) dict_keys(['tutorial_dag']) retrieved from /home/airflow/.local/lib/python3.7/site-packages/airflow/example_dags/tutorial_dag.py
[2023-04-09T10:30:25.021+0000] {logging_mixin.py:137} INFO - [2023-04-09T10:30:25.021+0000] {dag.py:2705} INFO - Sync 1 DAGs
[2023-04-09T10:30:25.093+0000] {logging_mixin.py:137} INFO - [2023-04-09T10:30:25.093+0000] {dag.py:3456} INFO - Setting next_dagrun for tutorial_dag to None, run_after=None
[2023-04-09T10:30:25.167+0000] {processor.py:175} INFO - Processing /home/airflow/.local/lib/python3.7/site-packages/airflow/example_dags/tutorial_dag.py took 0.337 seconds
[2023-04-09T10:30:55.820+0000] {processor.py:153} INFO - Started process (PID=93) to work on /home/airflow/.local/lib/python3.7/site-packages/airflow/example_dags/tutorial_dag.py
[2023-04-09T10:30:55.822+0000] {processor.py:743} INFO - Processing file /home/airflow/.local/lib/python3.7/site-packages/airflow/example_dags/tutorial_dag.py for tasks to queue
[2023-04-09T10:30:55.823+0000] {logging_mixin.py:137} INFO - [2023-04-09T10:30:55.823+0000] {dagbag.py:532} INFO - Filling up the DagBag from /home/airflow/.local/lib/python3.7/site-packages/airflow/example_dags/tutorial_dag.py
[2023-04-09T10:30:55.876+0000] {processor.py:753} INFO - DAG(s) dict_keys(['tutorial_dag']) retrieved from /home/airflow/.local/lib/python3.7/site-packages/airflow/example_dags/tutorial_dag.py
[2023-04-09T10:30:55.941+0000] {logging_mixin.py:137} INFO - [2023-04-09T10:30:55.941+0000] {dag.py:2705} INFO - Sync 1 DAGs
[2023-04-09T10:30:55.983+0000] {logging_mixin.py:137} INFO - [2023-04-09T10:30:55.983+0000] {dag.py:3456} INFO - Setting next_dagrun for tutorial_dag to None, run_after=None
[2023-04-09T10:30:56.018+0000] {processor.py:175} INFO - Processing /home/airflow/.local/lib/python3.7/site-packages/airflow/example_dags/tutorial_dag.py took 0.215 seconds
[2023-04-09T10:31:26.566+0000] {processor.py:153} INFO - Started process (PID=142) to work on /home/airflow/.local/lib/python3.7/site-packages/airflow/example_dags/tutorial_dag.py
[2023-04-09T10:31:26.569+0000] {processor.py:743} INFO - Processing file /home/airflow/.local/lib/python3.7/site-packages/airflow/example_dags/tutorial_dag.py for tasks to queue
[2023-04-09T10:31:26.570+0000] {logging_mixin.py:137} INFO - [2023-04-09T10:31:26.570+0000] {dagbag.py:532} INFO - Filling up the DagBag from /home/airflow/.local/lib/python3.7/site-packages/airflow/example_dags/tutorial_dag.py
[2023-04-09T10:31:26.585+0000] {processor.py:753} INFO - DAG(s) dict_keys(['tutorial_dag']) retrieved from /home/airflow/.local/lib/python3.7/site-packages/airflow/example_dags/tutorial_dag.py
[2023-04-09T10:31:26.617+0000] {logging_mixin.py:137} INFO - [2023-04-09T10:31:26.617+0000] {dag.py:2705} INFO - Sync 1 DAGs
[2023-04-09T10:31:26.648+0000] {logging_mixin.py:137} INFO - [2023-04-09T10:31:26.648+0000] {dag.py:3456} INFO - Setting next_dagrun for tutorial_dag to None, run_after=None
[2023-04-09T10:31:26.673+0000] {processor.py:175} INFO - Processing /home/airflow/.local/lib/python3.7/site-packages/airflow/example_dags/tutorial_dag.py took 0.111 seconds
[2023-04-09T10:31:57.217+0000] {processor.py:153} INFO - Started process (PID=191) to work on /home/airflow/.local/lib/python3.7/site-packages/airflow/example_dags/tutorial_dag.py
[2023-04-09T10:31:57.219+0000] {processor.py:743} INFO - Processing file /home/airflow/.local/lib/python3.7/site-packages/airflow/example_dags/tutorial_dag.py for tasks to queue
[2023-04-09T10:31:57.221+0000] {logging_mixin.py:137} INFO - [2023-04-09T10:31:57.221+0000] {dagbag.py:532} INFO - Filling up the DagBag from /home/airflow/.local/lib/python3.7/site-packages/airflow/example_dags/tutorial_dag.py
[2023-04-09T10:31:57.238+0000] {processor.py:753} INFO - DAG(s) dict_keys(['tutorial_dag']) retrieved from /home/airflow/.local/lib/python3.7/site-packages/airflow/example_dags/tutorial_dag.py
[2023-04-09T10:31:57.278+0000] {logging_mixin.py:137} INFO - [2023-04-09T10:31:57.278+0000] {dag.py:2705} INFO - Sync 1 DAGs
[2023-04-09T10:31:57.307+0000] {logging_mixin.py:137} INFO - [2023-04-09T10:31:57.307+0000] {dag.py:3456} INFO - Setting next_dagrun for tutorial_dag to None, run_after=None
[2023-04-09T10:31:57.335+0000] {processor.py:175} INFO - Processing /home/airflow/.local/lib/python3.7/site-packages/airflow/example_dags/tutorial_dag.py took 0.122 seconds
[2023-04-09T10:32:27.603+0000] {processor.py:153} INFO - Started process (PID=241) to work on /home/airflow/.local/lib/python3.7/site-packages/airflow/example_dags/tutorial_dag.py
[2023-04-09T10:32:27.604+0000] {processor.py:743} INFO - Processing file /home/airflow/.local/lib/python3.7/site-packages/airflow/example_dags/tutorial_dag.py for tasks to queue
[2023-04-09T10:32:27.606+0000] {logging_mixin.py:137} INFO - [2023-04-09T10:32:27.605+0000] {dagbag.py:532} INFO - Filling up the DagBag from /home/airflow/.local/lib/python3.7/site-packages/airflow/example_dags/tutorial_dag.py
[2023-04-09T10:32:27.627+0000] {processor.py:753} INFO - DAG(s) dict_keys(['tutorial_dag']) retrieved from /home/airflow/.local/lib/python3.7/site-packages/airflow/example_dags/tutorial_dag.py
[2023-04-09T10:32:27.688+0000] {logging_mixin.py:137} INFO - [2023-04-09T10:32:27.687+0000] {dag.py:2705} INFO - Sync 1 DAGs
[2023-04-09T10:32:27.732+0000] {logging_mixin.py:137} INFO - [2023-04-09T10:32:27.732+0000] {dag.py:3456} INFO - Setting next_dagrun for tutorial_dag to None, run_after=None
[2023-04-09T10:32:27.786+0000] {processor.py:175} INFO - Processing /home/airflow/.local/lib/python3.7/site-packages/airflow/example_dags/tutorial_dag.py took 0.188 seconds
[2023-04-09T10:32:58.691+0000] {processor.py:153} INFO - Started process (PID=291) to work on /home/airflow/.local/lib/python3.7/site-packages/airflow/example_dags/tutorial_dag.py
[2023-04-09T10:32:58.693+0000] {processor.py:743} INFO - Processing file /home/airflow/.local/lib/python3.7/site-packages/airflow/example_dags/tutorial_dag.py for tasks to queue
[2023-04-09T10:32:58.695+0000] {logging_mixin.py:137} INFO - [2023-04-09T10:32:58.694+0000] {dagbag.py:532} INFO - Filling up the DagBag from /home/airflow/.local/lib/python3.7/site-packages/airflow/example_dags/tutorial_dag.py
[2023-04-09T10:32:58.712+0000] {processor.py:753} INFO - DAG(s) dict_keys(['tutorial_dag']) retrieved from /home/airflow/.local/lib/python3.7/site-packages/airflow/example_dags/tutorial_dag.py
[2023-04-09T10:32:58.747+0000] {logging_mixin.py:137} INFO - [2023-04-09T10:32:58.746+0000] {dag.py:2705} INFO - Sync 1 DAGs
[2023-04-09T10:32:58.775+0000] {logging_mixin.py:137} INFO - [2023-04-09T10:32:58.774+0000] {dag.py:3456} INFO - Setting next_dagrun for tutorial_dag to None, run_after=None
[2023-04-09T10:32:58.802+0000] {processor.py:175} INFO - Processing /home/airflow/.local/lib/python3.7/site-packages/airflow/example_dags/tutorial_dag.py took 0.117 seconds
