[2023-04-09T10:30:27.205+0000] {processor.py:153} INFO - Started process (PID=50) to work on /home/airflow/.local/lib/python3.7/site-packages/airflow/example_dags/tutorial.py
[2023-04-09T10:30:27.220+0000] {processor.py:743} INFO - Processing file /home/airflow/.local/lib/python3.7/site-packages/airflow/example_dags/tutorial.py for tasks to queue
[2023-04-09T10:30:27.223+0000] {logging_mixin.py:137} INFO - [2023-04-09T10:30:27.223+0000] {dagbag.py:532} INFO - Filling up the DagBag from /home/airflow/.local/lib/python3.7/site-packages/airflow/example_dags/tutorial.py
[2023-04-09T10:30:27.342+0000] {processor.py:753} INFO - DAG(s) dict_keys(['tutorial']) retrieved from /home/airflow/.local/lib/python3.7/site-packages/airflow/example_dags/tutorial.py
[2023-04-09T10:30:27.500+0000] {logging_mixin.py:137} INFO - [2023-04-09T10:30:27.499+0000] {dag.py:2705} INFO - Sync 1 DAGs
[2023-04-09T10:30:27.573+0000] {logging_mixin.py:137} INFO - [2023-04-09T10:30:27.573+0000] {dag.py:3456} INFO - Setting next_dagrun for tutorial to 2023-04-08T10:30:27.572815+00:00, run_after=2023-04-09T10:30:27.572815+00:00
[2023-04-09T10:30:27.644+0000] {processor.py:175} INFO - Processing /home/airflow/.local/lib/python3.7/site-packages/airflow/example_dags/tutorial.py took 0.446 seconds
[2023-04-09T10:30:57.751+0000] {processor.py:153} INFO - Started process (PID=100) to work on /home/airflow/.local/lib/python3.7/site-packages/airflow/example_dags/tutorial.py
[2023-04-09T10:30:57.753+0000] {processor.py:743} INFO - Processing file /home/airflow/.local/lib/python3.7/site-packages/airflow/example_dags/tutorial.py for tasks to queue
[2023-04-09T10:30:57.756+0000] {logging_mixin.py:137} INFO - [2023-04-09T10:30:57.756+0000] {dagbag.py:532} INFO - Filling up the DagBag from /home/airflow/.local/lib/python3.7/site-packages/airflow/example_dags/tutorial.py
[2023-04-09T10:30:57.784+0000] {processor.py:753} INFO - DAG(s) dict_keys(['tutorial']) retrieved from /home/airflow/.local/lib/python3.7/site-packages/airflow/example_dags/tutorial.py
[2023-04-09T10:30:57.837+0000] {logging_mixin.py:137} INFO - [2023-04-09T10:30:57.837+0000] {dag.py:2705} INFO - Sync 1 DAGs
[2023-04-09T10:30:57.884+0000] {logging_mixin.py:137} INFO - [2023-04-09T10:30:57.884+0000] {dag.py:3456} INFO - Setting next_dagrun for tutorial to 2023-04-08T10:30:57.884246+00:00, run_after=2023-04-09T10:30:57.884246+00:00
[2023-04-09T10:30:57.929+0000] {processor.py:175} INFO - Processing /home/airflow/.local/lib/python3.7/site-packages/airflow/example_dags/tutorial.py took 0.184 seconds
[2023-04-09T10:31:28.134+0000] {processor.py:153} INFO - Started process (PID=149) to work on /home/airflow/.local/lib/python3.7/site-packages/airflow/example_dags/tutorial.py
[2023-04-09T10:31:28.136+0000] {processor.py:743} INFO - Processing file /home/airflow/.local/lib/python3.7/site-packages/airflow/example_dags/tutorial.py for tasks to queue
[2023-04-09T10:31:28.137+0000] {logging_mixin.py:137} INFO - [2023-04-09T10:31:28.137+0000] {dagbag.py:532} INFO - Filling up the DagBag from /home/airflow/.local/lib/python3.7/site-packages/airflow/example_dags/tutorial.py
[2023-04-09T10:31:28.160+0000] {processor.py:753} INFO - DAG(s) dict_keys(['tutorial']) retrieved from /home/airflow/.local/lib/python3.7/site-packages/airflow/example_dags/tutorial.py
[2023-04-09T10:31:28.196+0000] {logging_mixin.py:137} INFO - [2023-04-09T10:31:28.196+0000] {dag.py:2705} INFO - Sync 1 DAGs
[2023-04-09T10:31:28.226+0000] {logging_mixin.py:137} INFO - [2023-04-09T10:31:28.226+0000] {dag.py:3456} INFO - Setting next_dagrun for tutorial to 2023-04-08T10:31:28.226508+00:00, run_after=2023-04-09T10:31:28.226508+00:00
[2023-04-09T10:31:28.252+0000] {processor.py:175} INFO - Processing /home/airflow/.local/lib/python3.7/site-packages/airflow/example_dags/tutorial.py took 0.121 seconds
[2023-04-09T10:31:58.729+0000] {processor.py:153} INFO - Started process (PID=198) to work on /home/airflow/.local/lib/python3.7/site-packages/airflow/example_dags/tutorial.py
[2023-04-09T10:31:58.731+0000] {processor.py:743} INFO - Processing file /home/airflow/.local/lib/python3.7/site-packages/airflow/example_dags/tutorial.py for tasks to queue
[2023-04-09T10:31:58.732+0000] {logging_mixin.py:137} INFO - [2023-04-09T10:31:58.731+0000] {dagbag.py:532} INFO - Filling up the DagBag from /home/airflow/.local/lib/python3.7/site-packages/airflow/example_dags/tutorial.py
[2023-04-09T10:31:58.746+0000] {processor.py:753} INFO - DAG(s) dict_keys(['tutorial']) retrieved from /home/airflow/.local/lib/python3.7/site-packages/airflow/example_dags/tutorial.py
[2023-04-09T10:31:58.780+0000] {logging_mixin.py:137} INFO - [2023-04-09T10:31:58.780+0000] {dag.py:2705} INFO - Sync 1 DAGs
[2023-04-09T10:31:58.805+0000] {logging_mixin.py:137} INFO - [2023-04-09T10:31:58.805+0000] {dag.py:3456} INFO - Setting next_dagrun for tutorial to 2023-04-08T10:31:58.805444+00:00, run_after=2023-04-09T10:31:58.805444+00:00
[2023-04-09T10:31:58.831+0000] {processor.py:175} INFO - Processing /home/airflow/.local/lib/python3.7/site-packages/airflow/example_dags/tutorial.py took 0.106 seconds
[2023-04-09T10:32:29.379+0000] {processor.py:153} INFO - Started process (PID=248) to work on /home/airflow/.local/lib/python3.7/site-packages/airflow/example_dags/tutorial.py
[2023-04-09T10:32:29.381+0000] {processor.py:743} INFO - Processing file /home/airflow/.local/lib/python3.7/site-packages/airflow/example_dags/tutorial.py for tasks to queue
[2023-04-09T10:32:29.382+0000] {logging_mixin.py:137} INFO - [2023-04-09T10:32:29.382+0000] {dagbag.py:532} INFO - Filling up the DagBag from /home/airflow/.local/lib/python3.7/site-packages/airflow/example_dags/tutorial.py
[2023-04-09T10:32:29.401+0000] {processor.py:753} INFO - DAG(s) dict_keys(['tutorial']) retrieved from /home/airflow/.local/lib/python3.7/site-packages/airflow/example_dags/tutorial.py
[2023-04-09T10:32:29.450+0000] {logging_mixin.py:137} INFO - [2023-04-09T10:32:29.450+0000] {dag.py:2705} INFO - Sync 1 DAGs
[2023-04-09T10:32:29.485+0000] {logging_mixin.py:137} INFO - [2023-04-09T10:32:29.484+0000] {dag.py:3456} INFO - Setting next_dagrun for tutorial to 2023-04-08T10:32:29.484574+00:00, run_after=2023-04-09T10:32:29.484574+00:00
[2023-04-09T10:32:29.542+0000] {processor.py:175} INFO - Processing /home/airflow/.local/lib/python3.7/site-packages/airflow/example_dags/tutorial.py took 0.166 seconds
[2023-04-09T10:33:00.192+0000] {processor.py:153} INFO - Started process (PID=298) to work on /home/airflow/.local/lib/python3.7/site-packages/airflow/example_dags/tutorial.py
[2023-04-09T10:33:00.194+0000] {processor.py:743} INFO - Processing file /home/airflow/.local/lib/python3.7/site-packages/airflow/example_dags/tutorial.py for tasks to queue
[2023-04-09T10:33:00.195+0000] {logging_mixin.py:137} INFO - [2023-04-09T10:33:00.195+0000] {dagbag.py:532} INFO - Filling up the DagBag from /home/airflow/.local/lib/python3.7/site-packages/airflow/example_dags/tutorial.py
[2023-04-09T10:33:00.212+0000] {processor.py:753} INFO - DAG(s) dict_keys(['tutorial']) retrieved from /home/airflow/.local/lib/python3.7/site-packages/airflow/example_dags/tutorial.py
[2023-04-09T10:33:00.249+0000] {logging_mixin.py:137} INFO - [2023-04-09T10:33:00.248+0000] {dag.py:2705} INFO - Sync 1 DAGs
[2023-04-09T10:33:00.279+0000] {logging_mixin.py:137} INFO - [2023-04-09T10:33:00.278+0000] {dag.py:3456} INFO - Setting next_dagrun for tutorial to 2023-04-08T10:33:00.278722+00:00, run_after=2023-04-09T10:33:00.278722+00:00
[2023-04-09T10:33:00.302+0000] {processor.py:175} INFO - Processing /home/airflow/.local/lib/python3.7/site-packages/airflow/example_dags/tutorial.py took 0.114 seconds
